Started GET "/" for 172.28.0.1 at 2021-02-08 14:02:32 +0000
  
ActiveRecord::ConnectionNotEstablished (could not connect to server: No such file or directory
	Is the server running locally and accepting
	connections on Unix domain socket "/var/run/postgresql/.s.PGSQL.5432"?
):
  
activerecord (6.1.1) lib/active_record/connection_adapters/postgresql_adapter.rb:83:in `rescue in new_client'
activerecord (6.1.1) lib/active_record/connection_adapters/postgresql_adapter.rb:77:in `new_client'
activerecord (6.1.1) lib/active_record/connection_adapters/postgresql_adapter.rb:37:in `postgresql_connection'
activerecord (6.1.1) lib/active_record/connection_adapters/abstract/connection_pool.rb:882:in `public_send'
activerecord (6.1.1) lib/active_record/connection_adapters/abstract/connection_pool.rb:882:in `new_connection'
activerecord (6.1.1) lib/active_record/connection_adapters/abstract/connection_pool.rb:926:in `checkout_new_connection'
activerecord (6.1.1) lib/active_record/connection_adapters/abstract/connection_pool.rb:905:in `try_to_checkout_new_connection'
activerecord (6.1.1) lib/active_record/connection_adapters/abstract/connection_pool.rb:866:in `acquire_connection'
activerecord (6.1.1) lib/active_record/connection_adapters/abstract/connection_pool.rb:588:in `checkout'
activerecord (6.1.1) lib/active_record/connection_adapters/abstract/connection_pool.rb:428:in `connection'
activerecord (6.1.1) lib/active_record/connection_adapters/abstract/connection_pool.rb:1128:in `retrieve_connection'
activerecord (6.1.1) lib/active_record/connection_handling.rb:319:in `retrieve_connection'
activerecord (6.1.1) lib/active_record/connection_handling.rb:275:in `connection'
activerecord (6.1.1) lib/active_record/migration.rb:611:in `connection'
activerecord (6.1.1) lib/active_record/migration.rb:606:in `build_watcher'
activerecord (6.1.1) lib/active_record/migration.rb:588:in `block in call'
activerecord (6.1.1) lib/active_record/migration.rb:587:in `synchronize'
activerecord (6.1.1) lib/active_record/migration.rb:587:in `call'
actionpack (6.1.1) lib/action_dispatch/middleware/callbacks.rb:27:in `block in call'
activesupport (6.1.1) lib/active_support/callbacks.rb:98:in `run_callbacks'
actionpack (6.1.1) lib/action_dispatch/middleware/callbacks.rb:26:in `call'
actionpack (6.1.1) lib/action_dispatch/middleware/executor.rb:14:in `call'
actionpack (6.1.1) lib/action_dispatch/middleware/actionable_exceptions.rb:18:in `call'
actionpack (6.1.1) lib/action_dispatch/middleware/debug_exceptions.rb:29:in `call'
actionpack (6.1.1) lib/action_dispatch/middleware/show_exceptions.rb:33:in `call'
railties (6.1.1) lib/rails/rack/logger.rb:37:in `call_app'
railties (6.1.1) lib/rails/rack/logger.rb:26:in `block in call'
activesupport (6.1.1) lib/active_support/tagged_logging.rb:99:in `block in tagged'
activesupport (6.1.1) lib/active_support/tagged_logging.rb:37:in `tagged'
activesupport (6.1.1) lib/active_support/tagged_logging.rb:99:in `tagged'
railties (6.1.1) lib/rails/rack/logger.rb:26:in `call'
actionpack (6.1.1) lib/action_dispatch/middleware/remote_ip.rb:81:in `call'
actionpack (6.1.1) lib/action_dispatch/middleware/request_id.rb:26:in `call'
rack (2.2.3) lib/rack/runtime.rb:22:in `call'
activesupport (6.1.1) lib/active_support/cache/strategy/local_cache_middleware.rb:29:in `call'
actionpack (6.1.1) lib/action_dispatch/middleware/executor.rb:14:in `call'
actionpack (6.1.1) lib/action_dispatch/middleware/static.rb:24:in `call'
rack (2.2.3) lib/rack/sendfile.rb:110:in `call'
actionpack (6.1.1) lib/action_dispatch/middleware/host_authorization.rb:98:in `call'
railties (6.1.1) lib/rails/engine.rb:539:in `call'
puma (5.2.1) lib/puma/configuration.rb:247:in `call'
puma (5.2.1) lib/puma/request.rb:76:in `block in handle_request'
puma (5.2.1) lib/puma/thread_pool.rb:337:in `with_force_shutdown'
puma (5.2.1) lib/puma/request.rb:75:in `handle_request'
puma (5.2.1) lib/puma/server.rb:431:in `process_client'
puma (5.2.1) lib/puma/thread_pool.rb:145:in `block in spawn_thread'
Started GET "/" for 172.28.0.1 at 2021-02-08 14:03:01 +0000
  
ActiveRecord::ConnectionNotEstablished (could not connect to server: No such file or directory
	Is the server running locally and accepting
	connections on Unix domain socket "/var/run/postgresql/.s.PGSQL.5432"?
):
  
activerecord (6.1.1) lib/active_record/connection_adapters/postgresql_adapter.rb:83:in `rescue in new_client'
activerecord (6.1.1) lib/active_record/connection_adapters/postgresql_adapter.rb:77:in `new_client'
activerecord (6.1.1) lib/active_record/connection_adapters/postgresql_adapter.rb:37:in `postgresql_connection'
activerecord (6.1.1) lib/active_record/connection_adapters/abstract/connection_pool.rb:882:in `public_send'
activerecord (6.1.1) lib/active_record/connection_adapters/abstract/connection_pool.rb:882:in `new_connection'
activerecord (6.1.1) lib/active_record/connection_adapters/abstract/connection_pool.rb:926:in `checkout_new_connection'
activerecord (6.1.1) lib/active_record/connection_adapters/abstract/connection_pool.rb:905:in `try_to_checkout_new_connection'
activerecord (6.1.1) lib/active_record/connection_adapters/abstract/connection_pool.rb:866:in `acquire_connection'
activerecord (6.1.1) lib/active_record/connection_adapters/abstract/connection_pool.rb:588:in `checkout'
activerecord (6.1.1) lib/active_record/connection_adapters/abstract/connection_pool.rb:428:in `connection'
activerecord (6.1.1) lib/active_record/connection_adapters/abstract/connection_pool.rb:1128:in `retrieve_connection'
activerecord (6.1.1) lib/active_record/connection_handling.rb:319:in `retrieve_connection'
activerecord (6.1.1) lib/active_record/connection_handling.rb:275:in `connection'
activerecord (6.1.1) lib/active_record/migration.rb:611:in `connection'
activerecord (6.1.1) lib/active_record/migration.rb:606:in `build_watcher'
activerecord (6.1.1) lib/active_record/migration.rb:588:in `block in call'
activerecord (6.1.1) lib/active_record/migration.rb:587:in `synchronize'
activerecord (6.1.1) lib/active_record/migration.rb:587:in `call'
actionpack (6.1.1) lib/action_dispatch/middleware/callbacks.rb:27:in `block in call'
activesupport (6.1.1) lib/active_support/callbacks.rb:98:in `run_callbacks'
actionpack (6.1.1) lib/action_dispatch/middleware/callbacks.rb:26:in `call'
actionpack (6.1.1) lib/action_dispatch/middleware/executor.rb:14:in `call'
actionpack (6.1.1) lib/action_dispatch/middleware/actionable_exceptions.rb:18:in `call'
actionpack (6.1.1) lib/action_dispatch/middleware/debug_exceptions.rb:29:in `call'
actionpack (6.1.1) lib/action_dispatch/middleware/show_exceptions.rb:33:in `call'
railties (6.1.1) lib/rails/rack/logger.rb:37:in `call_app'
railties (6.1.1) lib/rails/rack/logger.rb:26:in `block in call'
activesupport (6.1.1) lib/active_support/tagged_logging.rb:99:in `block in tagged'
activesupport (6.1.1) lib/active_support/tagged_logging.rb:37:in `tagged'
activesupport (6.1.1) lib/active_support/tagged_logging.rb:99:in `tagged'
railties (6.1.1) lib/rails/rack/logger.rb:26:in `call'
actionpack (6.1.1) lib/action_dispatch/middleware/remote_ip.rb:81:in `call'
actionpack (6.1.1) lib/action_dispatch/middleware/request_id.rb:26:in `call'
rack (2.2.3) lib/rack/runtime.rb:22:in `call'
activesupport (6.1.1) lib/active_support/cache/strategy/local_cache_middleware.rb:29:in `call'
actionpack (6.1.1) lib/action_dispatch/middleware/executor.rb:14:in `call'
actionpack (6.1.1) lib/action_dispatch/middleware/static.rb:24:in `call'
rack (2.2.3) lib/rack/sendfile.rb:110:in `call'
actionpack (6.1.1) lib/action_dispatch/middleware/host_authorization.rb:98:in `call'
railties (6.1.1) lib/rails/engine.rb:539:in `call'
puma (5.2.1) lib/puma/configuration.rb:247:in `call'
puma (5.2.1) lib/puma/request.rb:76:in `block in handle_request'
puma (5.2.1) lib/puma/thread_pool.rb:337:in `with_force_shutdown'
puma (5.2.1) lib/puma/request.rb:75:in `handle_request'
puma (5.2.1) lib/puma/server.rb:431:in `process_client'
puma (5.2.1) lib/puma/thread_pool.rb:145:in `block in spawn_thread'
Started GET "/favicon.ico" for 172.28.0.1 at 2021-02-08 14:03:02 +0000
  
ActiveRecord::ConnectionNotEstablished (could not connect to server: No such file or directory
	Is the server running locally and accepting
	connections on Unix domain socket "/var/run/postgresql/.s.PGSQL.5432"?
):
  
activerecord (6.1.1) lib/active_record/connection_adapters/postgresql_adapter.rb:83:in `rescue in new_client'
activerecord (6.1.1) lib/active_record/connection_adapters/postgresql_adapter.rb:77:in `new_client'
activerecord (6.1.1) lib/active_record/connection_adapters/postgresql_adapter.rb:37:in `postgresql_connection'
activerecord (6.1.1) lib/active_record/connection_adapters/abstract/connection_pool.rb:882:in `public_send'
activerecord (6.1.1) lib/active_record/connection_adapters/abstract/connection_pool.rb:882:in `new_connection'
activerecord (6.1.1) lib/active_record/connection_adapters/abstract/connection_pool.rb:926:in `checkout_new_connection'
activerecord (6.1.1) lib/active_record/connection_adapters/abstract/connection_pool.rb:905:in `try_to_checkout_new_connection'
activerecord (6.1.1) lib/active_record/connection_adapters/abstract/connection_pool.rb:866:in `acquire_connection'
activerecord (6.1.1) lib/active_record/connection_adapters/abstract/connection_pool.rb:588:in `checkout'
activerecord (6.1.1) lib/active_record/connection_adapters/abstract/connection_pool.rb:428:in `connection'
activerecord (6.1.1) lib/active_record/connection_adapters/abstract/connection_pool.rb:1128:in `retrieve_connection'
activerecord (6.1.1) lib/active_record/connection_handling.rb:319:in `retrieve_connection'
activerecord (6.1.1) lib/active_record/connection_handling.rb:275:in `connection'
activerecord (6.1.1) lib/active_record/migration.rb:611:in `connection'
activerecord (6.1.1) lib/active_record/migration.rb:606:in `build_watcher'
activerecord (6.1.1) lib/active_record/migration.rb:588:in `block in call'
activerecord (6.1.1) lib/active_record/migration.rb:587:in `synchronize'
activerecord (6.1.1) lib/active_record/migration.rb:587:in `call'
actionpack (6.1.1) lib/action_dispatch/middleware/callbacks.rb:27:in `block in call'
activesupport (6.1.1) lib/active_support/callbacks.rb:98:in `run_callbacks'
actionpack (6.1.1) lib/action_dispatch/middleware/callbacks.rb:26:in `call'
actionpack (6.1.1) lib/action_dispatch/middleware/executor.rb:14:in `call'
actionpack (6.1.1) lib/action_dispatch/middleware/actionable_exceptions.rb:18:in `call'
actionpack (6.1.1) lib/action_dispatch/middleware/debug_exceptions.rb:29:in `call'
actionpack (6.1.1) lib/action_dispatch/middleware/show_exceptions.rb:33:in `call'
railties (6.1.1) lib/rails/rack/logger.rb:37:in `call_app'
railties (6.1.1) lib/rails/rack/logger.rb:26:in `block in call'
activesupport (6.1.1) lib/active_support/tagged_logging.rb:99:in `block in tagged'
activesupport (6.1.1) lib/active_support/tagged_logging.rb:37:in `tagged'
activesupport (6.1.1) lib/active_support/tagged_logging.rb:99:in `tagged'
railties (6.1.1) lib/rails/rack/logger.rb:26:in `call'
actionpack (6.1.1) lib/action_dispatch/middleware/remote_ip.rb:81:in `call'
actionpack (6.1.1) lib/action_dispatch/middleware/request_id.rb:26:in `call'
rack (2.2.3) lib/rack/runtime.rb:22:in `call'
activesupport (6.1.1) lib/active_support/cache/strategy/local_cache_middleware.rb:29:in `call'
actionpack (6.1.1) lib/action_dispatch/middleware/executor.rb:14:in `call'
actionpack (6.1.1) lib/action_dispatch/middleware/static.rb:24:in `call'
rack (2.2.3) lib/rack/sendfile.rb:110:in `call'
actionpack (6.1.1) lib/action_dispatch/middleware/host_authorization.rb:98:in `call'
railties (6.1.1) lib/rails/engine.rb:539:in `call'
puma (5.2.1) lib/puma/configuration.rb:247:in `call'
puma (5.2.1) lib/puma/request.rb:76:in `block in handle_request'
puma (5.2.1) lib/puma/thread_pool.rb:337:in `with_force_shutdown'
puma (5.2.1) lib/puma/request.rb:75:in `handle_request'
puma (5.2.1) lib/puma/server.rb:431:in `process_client'
puma (5.2.1) lib/puma/thread_pool.rb:145:in `block in spawn_thread'
Started GET "/" for 172.28.0.1 at 2021-02-08 14:03:03 +0000
  
ActiveRecord::ConnectionNotEstablished (could not connect to server: No such file or directory
	Is the server running locally and accepting
	connections on Unix domain socket "/var/run/postgresql/.s.PGSQL.5432"?
):
  
activerecord (6.1.1) lib/active_record/connection_adapters/postgresql_adapter.rb:83:in `rescue in new_client'
activerecord (6.1.1) lib/active_record/connection_adapters/postgresql_adapter.rb:77:in `new_client'
activerecord (6.1.1) lib/active_record/connection_adapters/postgresql_adapter.rb:37:in `postgresql_connection'
activerecord (6.1.1) lib/active_record/connection_adapters/abstract/connection_pool.rb:882:in `public_send'
activerecord (6.1.1) lib/active_record/connection_adapters/abstract/connection_pool.rb:882:in `new_connection'
activerecord (6.1.1) lib/active_record/connection_adapters/abstract/connection_pool.rb:926:in `checkout_new_connection'
activerecord (6.1.1) lib/active_record/connection_adapters/abstract/connection_pool.rb:905:in `try_to_checkout_new_connection'
activerecord (6.1.1) lib/active_record/connection_adapters/abstract/connection_pool.rb:866:in `acquire_connection'
activerecord (6.1.1) lib/active_record/connection_adapters/abstract/connection_pool.rb:588:in `checkout'
activerecord (6.1.1) lib/active_record/connection_adapters/abstract/connection_pool.rb:428:in `connection'
activerecord (6.1.1) lib/active_record/connection_adapters/abstract/connection_pool.rb:1128:in `retrieve_connection'
activerecord (6.1.1) lib/active_record/connection_handling.rb:319:in `retrieve_connection'
activerecord (6.1.1) lib/active_record/connection_handling.rb:275:in `connection'
activerecord (6.1.1) lib/active_record/migration.rb:611:in `connection'
activerecord (6.1.1) lib/active_record/migration.rb:606:in `build_watcher'
activerecord (6.1.1) lib/active_record/migration.rb:588:in `block in call'
activerecord (6.1.1) lib/active_record/migration.rb:587:in `synchronize'
activerecord (6.1.1) lib/active_record/migration.rb:587:in `call'
actionpack (6.1.1) lib/action_dispatch/middleware/callbacks.rb:27:in `block in call'
activesupport (6.1.1) lib/active_support/callbacks.rb:98:in `run_callbacks'
actionpack (6.1.1) lib/action_dispatch/middleware/callbacks.rb:26:in `call'
actionpack (6.1.1) lib/action_dispatch/middleware/executor.rb:14:in `call'
actionpack (6.1.1) lib/action_dispatch/middleware/actionable_exceptions.rb:18:in `call'
actionpack (6.1.1) lib/action_dispatch/middleware/debug_exceptions.rb:29:in `call'
actionpack (6.1.1) lib/action_dispatch/middleware/show_exceptions.rb:33:in `call'
railties (6.1.1) lib/rails/rack/logger.rb:37:in `call_app'
railties (6.1.1) lib/rails/rack/logger.rb:26:in `block in call'
activesupport (6.1.1) lib/active_support/tagged_logging.rb:99:in `block in tagged'
activesupport (6.1.1) lib/active_support/tagged_logging.rb:37:in `tagged'
activesupport (6.1.1) lib/active_support/tagged_logging.rb:99:in `tagged'
railties (6.1.1) lib/rails/rack/logger.rb:26:in `call'
actionpack (6.1.1) lib/action_dispatch/middleware/remote_ip.rb:81:in `call'
actionpack (6.1.1) lib/action_dispatch/middleware/request_id.rb:26:in `call'
rack (2.2.3) lib/rack/runtime.rb:22:in `call'
activesupport (6.1.1) lib/active_support/cache/strategy/local_cache_middleware.rb:29:in `call'
actionpack (6.1.1) lib/action_dispatch/middleware/executor.rb:14:in `call'
actionpack (6.1.1) lib/action_dispatch/middleware/static.rb:24:in `call'
rack (2.2.3) lib/rack/sendfile.rb:110:in `call'
actionpack (6.1.1) lib/action_dispatch/middleware/host_authorization.rb:98:in `call'
railties (6.1.1) lib/rails/engine.rb:539:in `call'
puma (5.2.1) lib/puma/configuration.rb:247:in `call'
puma (5.2.1) lib/puma/request.rb:76:in `block in handle_request'
puma (5.2.1) lib/puma/thread_pool.rb:337:in `with_force_shutdown'
puma (5.2.1) lib/puma/request.rb:75:in `handle_request'
puma (5.2.1) lib/puma/server.rb:431:in `process_client'
puma (5.2.1) lib/puma/thread_pool.rb:145:in `block in spawn_thread'
Started GET "/favicon.ico" for 172.28.0.1 at 2021-02-08 14:03:03 +0000
  
ActiveRecord::ConnectionNotEstablished (could not connect to server: No such file or directory
	Is the server running locally and accepting
	connections on Unix domain socket "/var/run/postgresql/.s.PGSQL.5432"?
):
  
activerecord (6.1.1) lib/active_record/connection_adapters/postgresql_adapter.rb:83:in `rescue in new_client'
activerecord (6.1.1) lib/active_record/connection_adapters/postgresql_adapter.rb:77:in `new_client'
activerecord (6.1.1) lib/active_record/connection_adapters/postgresql_adapter.rb:37:in `postgresql_connection'
activerecord (6.1.1) lib/active_record/connection_adapters/abstract/connection_pool.rb:882:in `public_send'
activerecord (6.1.1) lib/active_record/connection_adapters/abstract/connection_pool.rb:882:in `new_connection'
activerecord (6.1.1) lib/active_record/connection_adapters/abstract/connection_pool.rb:926:in `checkout_new_connection'
activerecord (6.1.1) lib/active_record/connection_adapters/abstract/connection_pool.rb:905:in `try_to_checkout_new_connection'
activerecord (6.1.1) lib/active_record/connection_adapters/abstract/connection_pool.rb:866:in `acquire_connection'
activerecord (6.1.1) lib/active_record/connection_adapters/abstract/connection_pool.rb:588:in `checkout'
activerecord (6.1.1) lib/active_record/connection_adapters/abstract/connection_pool.rb:428:in `connection'
activerecord (6.1.1) lib/active_record/connection_adapters/abstract/connection_pool.rb:1128:in `retrieve_connection'
activerecord (6.1.1) lib/active_record/connection_handling.rb:319:in `retrieve_connection'
activerecord (6.1.1) lib/active_record/connection_handling.rb:275:in `connection'
activerecord (6.1.1) lib/active_record/migration.rb:611:in `connection'
activerecord (6.1.1) lib/active_record/migration.rb:606:in `build_watcher'
activerecord (6.1.1) lib/active_record/migration.rb:588:in `block in call'
activerecord (6.1.1) lib/active_record/migration.rb:587:in `synchronize'
activerecord (6.1.1) lib/active_record/migration.rb:587:in `call'
actionpack (6.1.1) lib/action_dispatch/middleware/callbacks.rb:27:in `block in call'
activesupport (6.1.1) lib/active_support/callbacks.rb:98:in `run_callbacks'
actionpack (6.1.1) lib/action_dispatch/middleware/callbacks.rb:26:in `call'
actionpack (6.1.1) lib/action_dispatch/middleware/executor.rb:14:in `call'
actionpack (6.1.1) lib/action_dispatch/middleware/actionable_exceptions.rb:18:in `call'
actionpack (6.1.1) lib/action_dispatch/middleware/debug_exceptions.rb:29:in `call'
actionpack (6.1.1) lib/action_dispatch/middleware/show_exceptions.rb:33:in `call'
railties (6.1.1) lib/rails/rack/logger.rb:37:in `call_app'
railties (6.1.1) lib/rails/rack/logger.rb:26:in `block in call'
activesupport (6.1.1) lib/active_support/tagged_logging.rb:99:in `block in tagged'
activesupport (6.1.1) lib/active_support/tagged_logging.rb:37:in `tagged'
activesupport (6.1.1) lib/active_support/tagged_logging.rb:99:in `tagged'
railties (6.1.1) lib/rails/rack/logger.rb:26:in `call'
actionpack (6.1.1) lib/action_dispatch/middleware/remote_ip.rb:81:in `call'
actionpack (6.1.1) lib/action_dispatch/middleware/request_id.rb:26:in `call'
rack (2.2.3) lib/rack/runtime.rb:22:in `call'
activesupport (6.1.1) lib/active_support/cache/strategy/local_cache_middleware.rb:29:in `call'
actionpack (6.1.1) lib/action_dispatch/middleware/executor.rb:14:in `call'
actionpack (6.1.1) lib/action_dispatch/middleware/static.rb:24:in `call'
rack (2.2.3) lib/rack/sendfile.rb:110:in `call'
actionpack (6.1.1) lib/action_dispatch/middleware/host_authorization.rb:98:in `call'
railties (6.1.1) lib/rails/engine.rb:539:in `call'
puma (5.2.1) lib/puma/configuration.rb:247:in `call'
puma (5.2.1) lib/puma/request.rb:76:in `block in handle_request'
puma (5.2.1) lib/puma/thread_pool.rb:337:in `with_force_shutdown'
puma (5.2.1) lib/puma/request.rb:75:in `handle_request'
puma (5.2.1) lib/puma/server.rb:431:in `process_client'
puma (5.2.1) lib/puma/thread_pool.rb:145:in `block in spawn_thread'
Started GET "/" for 172.29.0.1 at 2021-02-08 14:05:47 +0000
  
ActiveRecord::NoDatabaseError (FATAL:  database "wonder-scrum_development" does not exist
):
  
activerecord (6.1.1) lib/active_record/connection_adapters/postgresql_adapter.rb:81:in `rescue in new_client'
activerecord (6.1.1) lib/active_record/connection_adapters/postgresql_adapter.rb:77:in `new_client'
activerecord (6.1.1) lib/active_record/connection_adapters/postgresql_adapter.rb:37:in `postgresql_connection'
activerecord (6.1.1) lib/active_record/connection_adapters/abstract/connection_pool.rb:882:in `public_send'
activerecord (6.1.1) lib/active_record/connection_adapters/abstract/connection_pool.rb:882:in `new_connection'
activerecord (6.1.1) lib/active_record/connection_adapters/abstract/connection_pool.rb:926:in `checkout_new_connection'
activerecord (6.1.1) lib/active_record/connection_adapters/abstract/connection_pool.rb:905:in `try_to_checkout_new_connection'
activerecord (6.1.1) lib/active_record/connection_adapters/abstract/connection_pool.rb:866:in `acquire_connection'
activerecord (6.1.1) lib/active_record/connection_adapters/abstract/connection_pool.rb:588:in `checkout'
activerecord (6.1.1) lib/active_record/connection_adapters/abstract/connection_pool.rb:428:in `connection'
activerecord (6.1.1) lib/active_record/connection_adapters/abstract/connection_pool.rb:1128:in `retrieve_connection'
activerecord (6.1.1) lib/active_record/connection_handling.rb:319:in `retrieve_connection'
activerecord (6.1.1) lib/active_record/connection_handling.rb:275:in `connection'
activerecord (6.1.1) lib/active_record/migration.rb:611:in `connection'
activerecord (6.1.1) lib/active_record/migration.rb:606:in `build_watcher'
activerecord (6.1.1) lib/active_record/migration.rb:588:in `block in call'
activerecord (6.1.1) lib/active_record/migration.rb:587:in `synchronize'
activerecord (6.1.1) lib/active_record/migration.rb:587:in `call'
actionpack (6.1.1) lib/action_dispatch/middleware/callbacks.rb:27:in `block in call'
activesupport (6.1.1) lib/active_support/callbacks.rb:98:in `run_callbacks'
actionpack (6.1.1) lib/action_dispatch/middleware/callbacks.rb:26:in `call'
actionpack (6.1.1) lib/action_dispatch/middleware/executor.rb:14:in `call'
actionpack (6.1.1) lib/action_dispatch/middleware/actionable_exceptions.rb:18:in `call'
actionpack (6.1.1) lib/action_dispatch/middleware/debug_exceptions.rb:29:in `call'
actionpack (6.1.1) lib/action_dispatch/middleware/show_exceptions.rb:33:in `call'
railties (6.1.1) lib/rails/rack/logger.rb:37:in `call_app'
railties (6.1.1) lib/rails/rack/logger.rb:26:in `block in call'
activesupport (6.1.1) lib/active_support/tagged_logging.rb:99:in `block in tagged'
activesupport (6.1.1) lib/active_support/tagged_logging.rb:37:in `tagged'
activesupport (6.1.1) lib/active_support/tagged_logging.rb:99:in `tagged'
railties (6.1.1) lib/rails/rack/logger.rb:26:in `call'
actionpack (6.1.1) lib/action_dispatch/middleware/remote_ip.rb:81:in `call'
actionpack (6.1.1) lib/action_dispatch/middleware/request_id.rb:26:in `call'
rack (2.2.3) lib/rack/runtime.rb:22:in `call'
activesupport (6.1.1) lib/active_support/cache/strategy/local_cache_middleware.rb:29:in `call'
actionpack (6.1.1) lib/action_dispatch/middleware/executor.rb:14:in `call'
actionpack (6.1.1) lib/action_dispatch/middleware/static.rb:24:in `call'
rack (2.2.3) lib/rack/sendfile.rb:110:in `call'
actionpack (6.1.1) lib/action_dispatch/middleware/host_authorization.rb:98:in `call'
railties (6.1.1) lib/rails/engine.rb:539:in `call'
puma (5.2.1) lib/puma/configuration.rb:247:in `call'
puma (5.2.1) lib/puma/request.rb:76:in `block in handle_request'
puma (5.2.1) lib/puma/thread_pool.rb:337:in `with_force_shutdown'
puma (5.2.1) lib/puma/request.rb:75:in `handle_request'
puma (5.2.1) lib/puma/server.rb:431:in `process_client'
puma (5.2.1) lib/puma/thread_pool.rb:145:in `block in spawn_thread'
Started GET "/favicon.ico" for 172.29.0.1 at 2021-02-08 14:05:48 +0000
  
ActiveRecord::NoDatabaseError (FATAL:  database "wonder-scrum_development" does not exist
):
  
activerecord (6.1.1) lib/active_record/connection_adapters/postgresql_adapter.rb:81:in `rescue in new_client'
activerecord (6.1.1) lib/active_record/connection_adapters/postgresql_adapter.rb:77:in `new_client'
activerecord (6.1.1) lib/active_record/connection_adapters/postgresql_adapter.rb:37:in `postgresql_connection'
activerecord (6.1.1) lib/active_record/connection_adapters/abstract/connection_pool.rb:882:in `public_send'
activerecord (6.1.1) lib/active_record/connection_adapters/abstract/connection_pool.rb:882:in `new_connection'
activerecord (6.1.1) lib/active_record/connection_adapters/abstract/connection_pool.rb:926:in `checkout_new_connection'
activerecord (6.1.1) lib/active_record/connection_adapters/abstract/connection_pool.rb:905:in `try_to_checkout_new_connection'
activerecord (6.1.1) lib/active_record/connection_adapters/abstract/connection_pool.rb:866:in `acquire_connection'
activerecord (6.1.1) lib/active_record/connection_adapters/abstract/connection_pool.rb:588:in `checkout'
activerecord (6.1.1) lib/active_record/connection_adapters/abstract/connection_pool.rb:428:in `connection'
activerecord (6.1.1) lib/active_record/connection_adapters/abstract/connection_pool.rb:1128:in `retrieve_connection'
activerecord (6.1.1) lib/active_record/connection_handling.rb:319:in `retrieve_connection'
activerecord (6.1.1) lib/active_record/connection_handling.rb:275:in `connection'
activerecord (6.1.1) lib/active_record/migration.rb:611:in `connection'
activerecord (6.1.1) lib/active_record/migration.rb:606:in `build_watcher'
activerecord (6.1.1) lib/active_record/migration.rb:588:in `block in call'
activerecord (6.1.1) lib/active_record/migration.rb:587:in `synchronize'
activerecord (6.1.1) lib/active_record/migration.rb:587:in `call'
actionpack (6.1.1) lib/action_dispatch/middleware/callbacks.rb:27:in `block in call'
activesupport (6.1.1) lib/active_support/callbacks.rb:98:in `run_callbacks'
actionpack (6.1.1) lib/action_dispatch/middleware/callbacks.rb:26:in `call'
actionpack (6.1.1) lib/action_dispatch/middleware/executor.rb:14:in `call'
actionpack (6.1.1) lib/action_dispatch/middleware/actionable_exceptions.rb:18:in `call'
actionpack (6.1.1) lib/action_dispatch/middleware/debug_exceptions.rb:29:in `call'
actionpack (6.1.1) lib/action_dispatch/middleware/show_exceptions.rb:33:in `call'
railties (6.1.1) lib/rails/rack/logger.rb:37:in `call_app'
railties (6.1.1) lib/rails/rack/logger.rb:26:in `block in call'
activesupport (6.1.1) lib/active_support/tagged_logging.rb:99:in `block in tagged'
activesupport (6.1.1) lib/active_support/tagged_logging.rb:37:in `tagged'
activesupport (6.1.1) lib/active_support/tagged_logging.rb:99:in `tagged'
railties (6.1.1) lib/rails/rack/logger.rb:26:in `call'
actionpack (6.1.1) lib/action_dispatch/middleware/remote_ip.rb:81:in `call'
actionpack (6.1.1) lib/action_dispatch/middleware/request_id.rb:26:in `call'
rack (2.2.3) lib/rack/runtime.rb:22:in `call'
activesupport (6.1.1) lib/active_support/cache/strategy/local_cache_middleware.rb:29:in `call'
actionpack (6.1.1) lib/action_dispatch/middleware/executor.rb:14:in `call'
actionpack (6.1.1) lib/action_dispatch/middleware/static.rb:24:in `call'
rack (2.2.3) lib/rack/sendfile.rb:110:in `call'
actionpack (6.1.1) lib/action_dispatch/middleware/host_authorization.rb:98:in `call'
railties (6.1.1) lib/rails/engine.rb:539:in `call'
puma (5.2.1) lib/puma/configuration.rb:247:in `call'
puma (5.2.1) lib/puma/request.rb:76:in `block in handle_request'
puma (5.2.1) lib/puma/thread_pool.rb:337:in `with_force_shutdown'
puma (5.2.1) lib/puma/request.rb:75:in `handle_request'
puma (5.2.1) lib/puma/server.rb:431:in `process_client'
puma (5.2.1) lib/puma/thread_pool.rb:145:in `block in spawn_thread'
Started GET "/" for 172.29.0.1 at 2021-02-08 14:05:48 +0000
  
ActiveRecord::NoDatabaseError (FATAL:  database "wonder-scrum_development" does not exist
):
  
activerecord (6.1.1) lib/active_record/connection_adapters/postgresql_adapter.rb:81:in `rescue in new_client'
activerecord (6.1.1) lib/active_record/connection_adapters/postgresql_adapter.rb:77:in `new_client'
activerecord (6.1.1) lib/active_record/connection_adapters/postgresql_adapter.rb:37:in `postgresql_connection'
activerecord (6.1.1) lib/active_record/connection_adapters/abstract/connection_pool.rb:882:in `public_send'
activerecord (6.1.1) lib/active_record/connection_adapters/abstract/connection_pool.rb:882:in `new_connection'
activerecord (6.1.1) lib/active_record/connection_adapters/abstract/connection_pool.rb:926:in `checkout_new_connection'
activerecord (6.1.1) lib/active_record/connection_adapters/abstract/connection_pool.rb:905:in `try_to_checkout_new_connection'
activerecord (6.1.1) lib/active_record/connection_adapters/abstract/connection_pool.rb:866:in `acquire_connection'
activerecord (6.1.1) lib/active_record/connection_adapters/abstract/connection_pool.rb:588:in `checkout'
activerecord (6.1.1) lib/active_record/connection_adapters/abstract/connection_pool.rb:428:in `connection'
activerecord (6.1.1) lib/active_record/connection_adapters/abstract/connection_pool.rb:1128:in `retrieve_connection'
activerecord (6.1.1) lib/active_record/connection_handling.rb:319:in `retrieve_connection'
activerecord (6.1.1) lib/active_record/connection_handling.rb:275:in `connection'
activerecord (6.1.1) lib/active_record/migration.rb:611:in `connection'
activerecord (6.1.1) lib/active_record/migration.rb:606:in `build_watcher'
activerecord (6.1.1) lib/active_record/migration.rb:588:in `block in call'
activerecord (6.1.1) lib/active_record/migration.rb:587:in `synchronize'
activerecord (6.1.1) lib/active_record/migration.rb:587:in `call'
actionpack (6.1.1) lib/action_dispatch/middleware/callbacks.rb:27:in `block in call'
activesupport (6.1.1) lib/active_support/callbacks.rb:98:in `run_callbacks'
actionpack (6.1.1) lib/action_dispatch/middleware/callbacks.rb:26:in `call'
actionpack (6.1.1) lib/action_dispatch/middleware/executor.rb:14:in `call'
actionpack (6.1.1) lib/action_dispatch/middleware/actionable_exceptions.rb:18:in `call'
actionpack (6.1.1) lib/action_dispatch/middleware/debug_exceptions.rb:29:in `call'
actionpack (6.1.1) lib/action_dispatch/middleware/show_exceptions.rb:33:in `call'
railties (6.1.1) lib/rails/rack/logger.rb:37:in `call_app'
railties (6.1.1) lib/rails/rack/logger.rb:26:in `block in call'
activesupport (6.1.1) lib/active_support/tagged_logging.rb:99:in `block in tagged'
activesupport (6.1.1) lib/active_support/tagged_logging.rb:37:in `tagged'
activesupport (6.1.1) lib/active_support/tagged_logging.rb:99:in `tagged'
railties (6.1.1) lib/rails/rack/logger.rb:26:in `call'
actionpack (6.1.1) lib/action_dispatch/middleware/remote_ip.rb:81:in `call'
actionpack (6.1.1) lib/action_dispatch/middleware/request_id.rb:26:in `call'
rack (2.2.3) lib/rack/runtime.rb:22:in `call'
activesupport (6.1.1) lib/active_support/cache/strategy/local_cache_middleware.rb:29:in `call'
actionpack (6.1.1) lib/action_dispatch/middleware/executor.rb:14:in `call'
actionpack (6.1.1) lib/action_dispatch/middleware/static.rb:24:in `call'
rack (2.2.3) lib/rack/sendfile.rb:110:in `call'
actionpack (6.1.1) lib/action_dispatch/middleware/host_authorization.rb:98:in `call'
railties (6.1.1) lib/rails/engine.rb:539:in `call'
puma (5.2.1) lib/puma/configuration.rb:247:in `call'
puma (5.2.1) lib/puma/request.rb:76:in `block in handle_request'
puma (5.2.1) lib/puma/thread_pool.rb:337:in `with_force_shutdown'
puma (5.2.1) lib/puma/request.rb:75:in `handle_request'
puma (5.2.1) lib/puma/server.rb:431:in `process_client'
puma (5.2.1) lib/puma/thread_pool.rb:145:in `block in spawn_thread'
Started GET "/favicon.ico" for 172.29.0.1 at 2021-02-08 14:05:49 +0000
  
ActiveRecord::NoDatabaseError (FATAL:  database "wonder-scrum_development" does not exist
):
  
activerecord (6.1.1) lib/active_record/connection_adapters/postgresql_adapter.rb:81:in `rescue in new_client'
activerecord (6.1.1) lib/active_record/connection_adapters/postgresql_adapter.rb:77:in `new_client'
activerecord (6.1.1) lib/active_record/connection_adapters/postgresql_adapter.rb:37:in `postgresql_connection'
activerecord (6.1.1) lib/active_record/connection_adapters/abstract/connection_pool.rb:882:in `public_send'
activerecord (6.1.1) lib/active_record/connection_adapters/abstract/connection_pool.rb:882:in `new_connection'
activerecord (6.1.1) lib/active_record/connection_adapters/abstract/connection_pool.rb:926:in `checkout_new_connection'
activerecord (6.1.1) lib/active_record/connection_adapters/abstract/connection_pool.rb:905:in `try_to_checkout_new_connection'
activerecord (6.1.1) lib/active_record/connection_adapters/abstract/connection_pool.rb:866:in `acquire_connection'
activerecord (6.1.1) lib/active_record/connection_adapters/abstract/connection_pool.rb:588:in `checkout'
activerecord (6.1.1) lib/active_record/connection_adapters/abstract/connection_pool.rb:428:in `connection'
activerecord (6.1.1) lib/active_record/connection_adapters/abstract/connection_pool.rb:1128:in `retrieve_connection'
activerecord (6.1.1) lib/active_record/connection_handling.rb:319:in `retrieve_connection'
activerecord (6.1.1) lib/active_record/connection_handling.rb:275:in `connection'
activerecord (6.1.1) lib/active_record/migration.rb:611:in `connection'
activerecord (6.1.1) lib/active_record/migration.rb:606:in `build_watcher'
activerecord (6.1.1) lib/active_record/migration.rb:588:in `block in call'
activerecord (6.1.1) lib/active_record/migration.rb:587:in `synchronize'
activerecord (6.1.1) lib/active_record/migration.rb:587:in `call'
actionpack (6.1.1) lib/action_dispatch/middleware/callbacks.rb:27:in `block in call'
activesupport (6.1.1) lib/active_support/callbacks.rb:98:in `run_callbacks'
actionpack (6.1.1) lib/action_dispatch/middleware/callbacks.rb:26:in `call'
actionpack (6.1.1) lib/action_dispatch/middleware/executor.rb:14:in `call'
actionpack (6.1.1) lib/action_dispatch/middleware/actionable_exceptions.rb:18:in `call'
actionpack (6.1.1) lib/action_dispatch/middleware/debug_exceptions.rb:29:in `call'
actionpack (6.1.1) lib/action_dispatch/middleware/show_exceptions.rb:33:in `call'
railties (6.1.1) lib/rails/rack/logger.rb:37:in `call_app'
railties (6.1.1) lib/rails/rack/logger.rb:26:in `block in call'
activesupport (6.1.1) lib/active_support/tagged_logging.rb:99:in `block in tagged'
activesupport (6.1.1) lib/active_support/tagged_logging.rb:37:in `tagged'
activesupport (6.1.1) lib/active_support/tagged_logging.rb:99:in `tagged'
railties (6.1.1) lib/rails/rack/logger.rb:26:in `call'
actionpack (6.1.1) lib/action_dispatch/middleware/remote_ip.rb:81:in `call'
actionpack (6.1.1) lib/action_dispatch/middleware/request_id.rb:26:in `call'
rack (2.2.3) lib/rack/runtime.rb:22:in `call'
activesupport (6.1.1) lib/active_support/cache/strategy/local_cache_middleware.rb:29:in `call'
actionpack (6.1.1) lib/action_dispatch/middleware/executor.rb:14:in `call'
actionpack (6.1.1) lib/action_dispatch/middleware/static.rb:24:in `call'
rack (2.2.3) lib/rack/sendfile.rb:110:in `call'
actionpack (6.1.1) lib/action_dispatch/middleware/host_authorization.rb:98:in `call'
railties (6.1.1) lib/rails/engine.rb:539:in `call'
puma (5.2.1) lib/puma/configuration.rb:247:in `call'
puma (5.2.1) lib/puma/request.rb:76:in `block in handle_request'
puma (5.2.1) lib/puma/thread_pool.rb:337:in `with_force_shutdown'
puma (5.2.1) lib/puma/request.rb:75:in `handle_request'
puma (5.2.1) lib/puma/server.rb:431:in `process_client'
puma (5.2.1) lib/puma/thread_pool.rb:145:in `block in spawn_thread'
  [1m[35m (6307.2ms)[0m  [1m[35mCREATE DATABASE "wonder-scrum_development" ENCODING = 'unicode'[0m
  [1m[35m (6265.8ms)[0m  [1m[35mCREATE DATABASE "wonder-scrum_test" ENCODING = 'unicode'[0m
Started GET "/" for 172.29.0.1 at 2021-02-08 14:06:23 +0000
Processing by Rails::WelcomeController#index as HTML
  Rendering /usr/local/bundle/gems/railties-6.1.1/lib/rails/templates/rails/welcome/index.html.erb
  Rendered /usr/local/bundle/gems/railties-6.1.1/lib/rails/templates/rails/welcome/index.html.erb (Duration: 7.7ms | Allocations: 199)
Completed 200 OK in 75ms (Views: 10.9ms | ActiveRecord: 0.0ms | Allocations: 2250)


Started GET "/favicon.ico" for 172.29.0.1 at 2021-02-08 14:06:24 +0000
  
ActionController::RoutingError (No route matches [GET] "/favicon.ico"):
  
Started GET "/graphiql" for 172.29.0.1 at 2021-02-08 14:06:28 +0000
  
ActionController::RoutingError (No route matches [GET] "/graphiql"):
  
Started GET "/graphiql" for 172.29.0.1 at 2021-02-08 14:06:47 +0000
  
NameError (uninitialized constant GraphiQL):
  
config/routes.rb:3:in `block in <top (required)>'
config/routes.rb:2:in `<top (required)>'
Started GET "/graphiql" for 172.29.0.1 at 2021-02-08 14:06:48 +0000
  
ActionController::RoutingError (No route matches [GET] "/graphiql"):
  
Started GET "/graphiql" for 172.29.0.1 at 2021-02-08 14:06:50 +0000
  
ActionController::RoutingError (No route matches [GET] "/graphiql"):
  
Started GET "/graphiql" for 172.29.0.1 at 2021-02-08 14:06:51 +0000
  
ActionController::RoutingError (No route matches [GET] "/graphiql"):
  
  [1m[35m (707.4ms)[0m  [1m[35mDROP DATABASE IF EXISTS "wonder-scrum_development"[0m
  [1m[35m (589.0ms)[0m  [1m[35mDROP DATABASE IF EXISTS "wonder-scrum_test"[0m
  [1m[35m (4634.8ms)[0m  [1m[35mCREATE DATABASE "wonder-scrum_development" ENCODING = 'unicode'[0m
  [1m[35m (4161.2ms)[0m  [1m[35mCREATE DATABASE "wonder-scrum_test" ENCODING = 'unicode'[0m
Started GET "/" for 192.168.32.1 at 2021-02-08 14:24:13 +0000
  
ActiveRecord::ConnectionNotEstablished (No connection pool for 'ActiveRecord::Base' found.):
  
activerecord (6.1.1) lib/active_record/connection_adapters/abstract/connection_pool.rb:1125:in `retrieve_connection'
activerecord (6.1.1) lib/active_record/connection_handling.rb:319:in `retrieve_connection'
activerecord (6.1.1) lib/active_record/connection_handling.rb:275:in `connection'
activerecord (6.1.1) lib/active_record/migration.rb:611:in `connection'
activerecord (6.1.1) lib/active_record/migration.rb:606:in `build_watcher'
activerecord (6.1.1) lib/active_record/migration.rb:588:in `block in call'
activerecord (6.1.1) lib/active_record/migration.rb:587:in `synchronize'
activerecord (6.1.1) lib/active_record/migration.rb:587:in `call'
actionpack (6.1.1) lib/action_dispatch/middleware/callbacks.rb:27:in `block in call'
activesupport (6.1.1) lib/active_support/callbacks.rb:98:in `run_callbacks'
actionpack (6.1.1) lib/action_dispatch/middleware/callbacks.rb:26:in `call'
actionpack (6.1.1) lib/action_dispatch/middleware/executor.rb:14:in `call'
actionpack (6.1.1) lib/action_dispatch/middleware/actionable_exceptions.rb:18:in `call'
actionpack (6.1.1) lib/action_dispatch/middleware/debug_exceptions.rb:29:in `call'
actionpack (6.1.1) lib/action_dispatch/middleware/show_exceptions.rb:33:in `call'
railties (6.1.1) lib/rails/rack/logger.rb:37:in `call_app'
railties (6.1.1) lib/rails/rack/logger.rb:26:in `block in call'
activesupport (6.1.1) lib/active_support/tagged_logging.rb:99:in `block in tagged'
activesupport (6.1.1) lib/active_support/tagged_logging.rb:37:in `tagged'
activesupport (6.1.1) lib/active_support/tagged_logging.rb:99:in `tagged'
railties (6.1.1) lib/rails/rack/logger.rb:26:in `call'
actionpack (6.1.1) lib/action_dispatch/middleware/remote_ip.rb:81:in `call'
actionpack (6.1.1) lib/action_dispatch/middleware/request_id.rb:26:in `call'
rack (2.2.3) lib/rack/runtime.rb:22:in `call'
activesupport (6.1.1) lib/active_support/cache/strategy/local_cache_middleware.rb:29:in `call'
actionpack (6.1.1) lib/action_dispatch/middleware/executor.rb:14:in `call'
actionpack (6.1.1) lib/action_dispatch/middleware/static.rb:24:in `call'
rack (2.2.3) lib/rack/sendfile.rb:110:in `call'
actionpack (6.1.1) lib/action_dispatch/middleware/host_authorization.rb:98:in `call'
railties (6.1.1) lib/rails/engine.rb:539:in `call'
puma (5.2.1) lib/puma/configuration.rb:247:in `call'
puma (5.2.1) lib/puma/request.rb:76:in `block in handle_request'
puma (5.2.1) lib/puma/thread_pool.rb:337:in `with_force_shutdown'
puma (5.2.1) lib/puma/request.rb:75:in `handle_request'
puma (5.2.1) lib/puma/server.rb:431:in `process_client'
puma (5.2.1) lib/puma/thread_pool.rb:145:in `block in spawn_thread'
Started GET "/" for 192.168.32.1 at 2021-02-08 14:24:14 +0000
  
ActiveRecord::ConnectionNotEstablished (No connection pool for 'ActiveRecord::Base' found.):
  
activerecord (6.1.1) lib/active_record/connection_adapters/abstract/connection_pool.rb:1125:in `retrieve_connection'
activerecord (6.1.1) lib/active_record/connection_handling.rb:319:in `retrieve_connection'
activerecord (6.1.1) lib/active_record/connection_handling.rb:275:in `connection'
activerecord (6.1.1) lib/active_record/migration.rb:611:in `connection'
activerecord (6.1.1) lib/active_record/migration.rb:606:in `build_watcher'
activerecord (6.1.1) lib/active_record/migration.rb:588:in `block in call'
activerecord (6.1.1) lib/active_record/migration.rb:587:in `synchronize'
activerecord (6.1.1) lib/active_record/migration.rb:587:in `call'
actionpack (6.1.1) lib/action_dispatch/middleware/callbacks.rb:27:in `block in call'
activesupport (6.1.1) lib/active_support/callbacks.rb:98:in `run_callbacks'
actionpack (6.1.1) lib/action_dispatch/middleware/callbacks.rb:26:in `call'
actionpack (6.1.1) lib/action_dispatch/middleware/executor.rb:14:in `call'
actionpack (6.1.1) lib/action_dispatch/middleware/actionable_exceptions.rb:18:in `call'
actionpack (6.1.1) lib/action_dispatch/middleware/debug_exceptions.rb:29:in `call'
actionpack (6.1.1) lib/action_dispatch/middleware/show_exceptions.rb:33:in `call'
railties (6.1.1) lib/rails/rack/logger.rb:37:in `call_app'
railties (6.1.1) lib/rails/rack/logger.rb:26:in `block in call'
activesupport (6.1.1) lib/active_support/tagged_logging.rb:99:in `block in tagged'
activesupport (6.1.1) lib/active_support/tagged_logging.rb:37:in `tagged'
activesupport (6.1.1) lib/active_support/tagged_logging.rb:99:in `tagged'
railties (6.1.1) lib/rails/rack/logger.rb:26:in `call'
actionpack (6.1.1) lib/action_dispatch/middleware/remote_ip.rb:81:in `call'
actionpack (6.1.1) lib/action_dispatch/middleware/request_id.rb:26:in `call'
rack (2.2.3) lib/rack/runtime.rb:22:in `call'
activesupport (6.1.1) lib/active_support/cache/strategy/local_cache_middleware.rb:29:in `call'
actionpack (6.1.1) lib/action_dispatch/middleware/executor.rb:14:in `call'
actionpack (6.1.1) lib/action_dispatch/middleware/static.rb:24:in `call'
rack (2.2.3) lib/rack/sendfile.rb:110:in `call'
actionpack (6.1.1) lib/action_dispatch/middleware/host_authorization.rb:98:in `call'
railties (6.1.1) lib/rails/engine.rb:539:in `call'
puma (5.2.1) lib/puma/configuration.rb:247:in `call'
puma (5.2.1) lib/puma/request.rb:76:in `block in handle_request'
puma (5.2.1) lib/puma/thread_pool.rb:337:in `with_force_shutdown'
puma (5.2.1) lib/puma/request.rb:75:in `handle_request'
puma (5.2.1) lib/puma/server.rb:431:in `process_client'
puma (5.2.1) lib/puma/thread_pool.rb:145:in `block in spawn_thread'
Started GET "/" for 192.168.32.1 at 2021-02-08 14:24:15 +0000
  
ActiveRecord::ConnectionNotEstablished (No connection pool for 'ActiveRecord::Base' found.):
  
activerecord (6.1.1) lib/active_record/connection_adapters/abstract/connection_pool.rb:1125:in `retrieve_connection'
activerecord (6.1.1) lib/active_record/connection_handling.rb:319:in `retrieve_connection'
activerecord (6.1.1) lib/active_record/connection_handling.rb:275:in `connection'
activerecord (6.1.1) lib/active_record/migration.rb:611:in `connection'
activerecord (6.1.1) lib/active_record/migration.rb:606:in `build_watcher'
activerecord (6.1.1) lib/active_record/migration.rb:588:in `block in call'
activerecord (6.1.1) lib/active_record/migration.rb:587:in `synchronize'
activerecord (6.1.1) lib/active_record/migration.rb:587:in `call'
actionpack (6.1.1) lib/action_dispatch/middleware/callbacks.rb:27:in `block in call'
activesupport (6.1.1) lib/active_support/callbacks.rb:98:in `run_callbacks'
actionpack (6.1.1) lib/action_dispatch/middleware/callbacks.rb:26:in `call'
actionpack (6.1.1) lib/action_dispatch/middleware/executor.rb:14:in `call'
actionpack (6.1.1) lib/action_dispatch/middleware/actionable_exceptions.rb:18:in `call'
actionpack (6.1.1) lib/action_dispatch/middleware/debug_exceptions.rb:29:in `call'
actionpack (6.1.1) lib/action_dispatch/middleware/show_exceptions.rb:33:in `call'
railties (6.1.1) lib/rails/rack/logger.rb:37:in `call_app'
railties (6.1.1) lib/rails/rack/logger.rb:26:in `block in call'
activesupport (6.1.1) lib/active_support/tagged_logging.rb:99:in `block in tagged'
activesupport (6.1.1) lib/active_support/tagged_logging.rb:37:in `tagged'
activesupport (6.1.1) lib/active_support/tagged_logging.rb:99:in `tagged'
railties (6.1.1) lib/rails/rack/logger.rb:26:in `call'
actionpack (6.1.1) lib/action_dispatch/middleware/remote_ip.rb:81:in `call'
actionpack (6.1.1) lib/action_dispatch/middleware/request_id.rb:26:in `call'
rack (2.2.3) lib/rack/runtime.rb:22:in `call'
activesupport (6.1.1) lib/active_support/cache/strategy/local_cache_middleware.rb:29:in `call'
actionpack (6.1.1) lib/action_dispatch/middleware/executor.rb:14:in `call'
actionpack (6.1.1) lib/action_dispatch/middleware/static.rb:24:in `call'
rack (2.2.3) lib/rack/sendfile.rb:110:in `call'
actionpack (6.1.1) lib/action_dispatch/middleware/host_authorization.rb:98:in `call'
railties (6.1.1) lib/rails/engine.rb:539:in `call'
puma (5.2.1) lib/puma/configuration.rb:247:in `call'
puma (5.2.1) lib/puma/request.rb:76:in `block in handle_request'
puma (5.2.1) lib/puma/thread_pool.rb:337:in `with_force_shutdown'
puma (5.2.1) lib/puma/request.rb:75:in `handle_request'
puma (5.2.1) lib/puma/server.rb:431:in `process_client'
puma (5.2.1) lib/puma/thread_pool.rb:145:in `block in spawn_thread'
Started GET "/" for 192.168.32.1 at 2021-02-08 14:26:37 +0000
  
ActiveRecord::ConnectionNotEstablished (No connection pool for 'ActiveRecord::Base' found.):
  
activerecord (6.1.1) lib/active_record/connection_adapters/abstract/connection_pool.rb:1125:in `retrieve_connection'
activerecord (6.1.1) lib/active_record/connection_handling.rb:319:in `retrieve_connection'
activerecord (6.1.1) lib/active_record/connection_handling.rb:275:in `connection'
activerecord (6.1.1) lib/active_record/migration.rb:611:in `connection'
activerecord (6.1.1) lib/active_record/migration.rb:606:in `build_watcher'
activerecord (6.1.1) lib/active_record/migration.rb:588:in `block in call'
activerecord (6.1.1) lib/active_record/migration.rb:587:in `synchronize'
activerecord (6.1.1) lib/active_record/migration.rb:587:in `call'
actionpack (6.1.1) lib/action_dispatch/middleware/callbacks.rb:27:in `block in call'
activesupport (6.1.1) lib/active_support/callbacks.rb:98:in `run_callbacks'
actionpack (6.1.1) lib/action_dispatch/middleware/callbacks.rb:26:in `call'
actionpack (6.1.1) lib/action_dispatch/middleware/executor.rb:14:in `call'
actionpack (6.1.1) lib/action_dispatch/middleware/actionable_exceptions.rb:18:in `call'
actionpack (6.1.1) lib/action_dispatch/middleware/debug_exceptions.rb:29:in `call'
actionpack (6.1.1) lib/action_dispatch/middleware/show_exceptions.rb:33:in `call'
railties (6.1.1) lib/rails/rack/logger.rb:37:in `call_app'
railties (6.1.1) lib/rails/rack/logger.rb:26:in `block in call'
activesupport (6.1.1) lib/active_support/tagged_logging.rb:99:in `block in tagged'
activesupport (6.1.1) lib/active_support/tagged_logging.rb:37:in `tagged'
activesupport (6.1.1) lib/active_support/tagged_logging.rb:99:in `tagged'
railties (6.1.1) lib/rails/rack/logger.rb:26:in `call'
actionpack (6.1.1) lib/action_dispatch/middleware/remote_ip.rb:81:in `call'
actionpack (6.1.1) lib/action_dispatch/middleware/request_id.rb:26:in `call'
rack (2.2.3) lib/rack/runtime.rb:22:in `call'
activesupport (6.1.1) lib/active_support/cache/strategy/local_cache_middleware.rb:29:in `call'
actionpack (6.1.1) lib/action_dispatch/middleware/executor.rb:14:in `call'
actionpack (6.1.1) lib/action_dispatch/middleware/static.rb:24:in `call'
rack (2.2.3) lib/rack/sendfile.rb:110:in `call'
actionpack (6.1.1) lib/action_dispatch/middleware/host_authorization.rb:98:in `call'
railties (6.1.1) lib/rails/engine.rb:539:in `call'
puma (5.2.1) lib/puma/configuration.rb:247:in `call'
puma (5.2.1) lib/puma/request.rb:76:in `block in handle_request'
puma (5.2.1) lib/puma/thread_pool.rb:337:in `with_force_shutdown'
puma (5.2.1) lib/puma/request.rb:75:in `handle_request'
puma (5.2.1) lib/puma/server.rb:431:in `process_client'
puma (5.2.1) lib/puma/thread_pool.rb:145:in `block in spawn_thread'
Started GET "/" for 192.168.32.1 at 2021-02-08 14:26:38 +0000
  
ActiveRecord::ConnectionNotEstablished (No connection pool for 'ActiveRecord::Base' found.):
  
activerecord (6.1.1) lib/active_record/connection_adapters/abstract/connection_pool.rb:1125:in `retrieve_connection'
activerecord (6.1.1) lib/active_record/connection_handling.rb:319:in `retrieve_connection'
activerecord (6.1.1) lib/active_record/connection_handling.rb:275:in `connection'
activerecord (6.1.1) lib/active_record/migration.rb:611:in `connection'
activerecord (6.1.1) lib/active_record/migration.rb:606:in `build_watcher'
activerecord (6.1.1) lib/active_record/migration.rb:588:in `block in call'
activerecord (6.1.1) lib/active_record/migration.rb:587:in `synchronize'
activerecord (6.1.1) lib/active_record/migration.rb:587:in `call'
actionpack (6.1.1) lib/action_dispatch/middleware/callbacks.rb:27:in `block in call'
activesupport (6.1.1) lib/active_support/callbacks.rb:98:in `run_callbacks'
actionpack (6.1.1) lib/action_dispatch/middleware/callbacks.rb:26:in `call'
actionpack (6.1.1) lib/action_dispatch/middleware/executor.rb:14:in `call'
actionpack (6.1.1) lib/action_dispatch/middleware/actionable_exceptions.rb:18:in `call'
actionpack (6.1.1) lib/action_dispatch/middleware/debug_exceptions.rb:29:in `call'
actionpack (6.1.1) lib/action_dispatch/middleware/show_exceptions.rb:33:in `call'
railties (6.1.1) lib/rails/rack/logger.rb:37:in `call_app'
railties (6.1.1) lib/rails/rack/logger.rb:26:in `block in call'
activesupport (6.1.1) lib/active_support/tagged_logging.rb:99:in `block in tagged'
activesupport (6.1.1) lib/active_support/tagged_logging.rb:37:in `tagged'
activesupport (6.1.1) lib/active_support/tagged_logging.rb:99:in `tagged'
railties (6.1.1) lib/rails/rack/logger.rb:26:in `call'
actionpack (6.1.1) lib/action_dispatch/middleware/remote_ip.rb:81:in `call'
actionpack (6.1.1) lib/action_dispatch/middleware/request_id.rb:26:in `call'
rack (2.2.3) lib/rack/runtime.rb:22:in `call'
activesupport (6.1.1) lib/active_support/cache/strategy/local_cache_middleware.rb:29:in `call'
actionpack (6.1.1) lib/action_dispatch/middleware/executor.rb:14:in `call'
actionpack (6.1.1) lib/action_dispatch/middleware/static.rb:24:in `call'
rack (2.2.3) lib/rack/sendfile.rb:110:in `call'
actionpack (6.1.1) lib/action_dispatch/middleware/host_authorization.rb:98:in `call'
railties (6.1.1) lib/rails/engine.rb:539:in `call'
puma (5.2.1) lib/puma/configuration.rb:247:in `call'
puma (5.2.1) lib/puma/request.rb:76:in `block in handle_request'
puma (5.2.1) lib/puma/thread_pool.rb:337:in `with_force_shutdown'
puma (5.2.1) lib/puma/request.rb:75:in `handle_request'
puma (5.2.1) lib/puma/server.rb:431:in `process_client'
puma (5.2.1) lib/puma/thread_pool.rb:145:in `block in spawn_thread'
Started GET "/" for 192.168.48.1 at 2021-02-08 14:30:05 +0000
Processing by Rails::WelcomeController#index as HTML
  Rendering /usr/local/bundle/gems/railties-6.1.1/lib/rails/templates/rails/welcome/index.html.erb
  Rendered /usr/local/bundle/gems/railties-6.1.1/lib/rails/templates/rails/welcome/index.html.erb (Duration: 7.1ms | Allocations: 459)
Completed 200 OK in 34ms (Views: 13.0ms | ActiveRecord: 0.0ms | Allocations: 3874)


Started GET "/graphiql" for 192.168.48.1 at 2021-02-08 14:30:10 +0000
Processing by GraphiQL::Rails::EditorsController#show as HTML
  Parameters: {"graphql_path"=>"/graphql"}
  Rendering /usr/local/bundle/gems/graphiql-rails-1.7.0views/graphiql/rails/editors/show.html.erb
  Rendered /usr/local/bundle/gems/graphiql-rails-1.7.0views/graphiql/rails/editors/show.html.erb (Duration: 1.7ms | Allocations: 447)
Completed 200 OK in 12ms (Views: 9.8ms | ActiveRecord: 0.0ms | Allocations: 1938)


Started GET "/stylesheets/graphiql/rails/application.css" for 192.168.48.1 at 2021-02-08 14:30:10 +0000
Started GET "/javascripts/graphiql/rails/application.js" for 192.168.48.1 at 2021-02-08 14:30:10 +0000
  
ActionController::RoutingError (No route matches [GET] "/stylesheets/graphiql/rails/application.css"):
  
  
ActionController::RoutingError (No route matches [GET] "/javascripts/graphiql/rails/application.js"):
  
Started GET "/graphiql" for 192.168.48.1 at 2021-02-08 14:30:13 +0000
Processing by GraphiQL::Rails::EditorsController#show as HTML
  Parameters: {"graphql_path"=>"/graphql"}
  Rendering /usr/local/bundle/gems/graphiql-rails-1.7.0views/graphiql/rails/editors/show.html.erb
  Rendered /usr/local/bundle/gems/graphiql-rails-1.7.0views/graphiql/rails/editors/show.html.erb (Duration: 1.3ms | Allocations: 224)
Completed 200 OK in 6ms (Views: 5.0ms | ActiveRecord: 0.0ms | Allocations: 544)


Started GET "/stylesheets/graphiql/rails/application.css" for 192.168.48.1 at 2021-02-08 14:30:13 +0000
Started GET "/javascripts/graphiql/rails/application.js" for 192.168.48.1 at 2021-02-08 14:30:13 +0000
  
ActionController::RoutingError (No route matches [GET] "/stylesheets/graphiql/rails/application.css"):
  
  
ActionController::RoutingError (No route matches [GET] "/javascripts/graphiql/rails/application.js"):
  
Started GET "/graphiql" for 192.168.48.1 at 2021-02-08 14:30:14 +0000
Processing by GraphiQL::Rails::EditorsController#show as HTML
  Parameters: {"graphql_path"=>"/graphql"}
  Rendering /usr/local/bundle/gems/graphiql-rails-1.7.0views/graphiql/rails/editors/show.html.erb
  Rendered /usr/local/bundle/gems/graphiql-rails-1.7.0views/graphiql/rails/editors/show.html.erb (Duration: 1.0ms | Allocations: 223)
Completed 200 OK in 5ms (Views: 4.1ms | ActiveRecord: 0.0ms | Allocations: 539)


Started GET "/javascripts/graphiql/rails/application.js" for 192.168.48.1 at 2021-02-08 14:30:14 +0000
Started GET "/stylesheets/graphiql/rails/application.css" for 192.168.48.1 at 2021-02-08 14:30:14 +0000
  
ActionController::RoutingError (No route matches [GET] "/javascripts/graphiql/rails/application.js"):
  
  
ActionController::RoutingError (No route matches [GET] "/stylesheets/graphiql/rails/application.css"):
  
Started GET "/graphiql" for 192.168.48.1 at 2021-02-08 14:30:32 +0000
Processing by GraphiQL::Rails::EditorsController#show as HTML
  Parameters: {"graphql_path"=>"/graphql"}
  Rendering /usr/local/bundle/gems/graphiql-rails-1.7.0views/graphiql/rails/editors/show.html.erb
  Rendered /usr/local/bundle/gems/graphiql-rails-1.7.0views/graphiql/rails/editors/show.html.erb (Duration: 0.9ms | Allocations: 224)
Completed 200 OK in 4ms (Views: 3.3ms | ActiveRecord: 0.0ms | Allocations: 542)


Started GET "/stylesheets/graphiql/rails/application.css" for 192.168.48.1 at 2021-02-08 14:30:32 +0000
Started GET "/javascripts/graphiql/rails/application.js" for 192.168.48.1 at 2021-02-08 14:30:32 +0000
  
ActionController::RoutingError (No route matches [GET] "/stylesheets/graphiql/rails/application.css"):
  
  
ActionController::RoutingError (No route matches [GET] "/javascripts/graphiql/rails/application.js"):
  
Started GET "/graphiql" for 192.168.48.1 at 2021-02-08 14:30:32 +0000
Processing by GraphiQL::Rails::EditorsController#show as HTML
  Parameters: {"graphql_path"=>"/graphql"}
  Rendering /usr/local/bundle/gems/graphiql-rails-1.7.0views/graphiql/rails/editors/show.html.erb
  Rendered /usr/local/bundle/gems/graphiql-rails-1.7.0views/graphiql/rails/editors/show.html.erb (Duration: 1.1ms | Allocations: 224)
Completed 200 OK in 5ms (Views: 4.0ms | ActiveRecord: 0.0ms | Allocations: 542)


Started GET "/stylesheets/graphiql/rails/application.css" for 192.168.48.1 at 2021-02-08 14:30:32 +0000
  
ActionController::RoutingError (No route matches [GET] "/stylesheets/graphiql/rails/application.css"):
  
Started GET "/javascripts/graphiql/rails/application.js" for 192.168.48.1 at 2021-02-08 14:30:32 +0000
  
ActionController::RoutingError (No route matches [GET] "/javascripts/graphiql/rails/application.js"):
  
Started GET "/graphiql" for 192.168.48.1 at 2021-02-08 14:30:51 +0000
Processing by GraphiQL::Rails::EditorsController#show as HTML
  Parameters: {"graphql_path"=>"/graphql"}
  Rendering /usr/local/bundle/gems/graphiql-rails-1.7.0views/graphiql/rails/editors/show.html.erb
  Rendered /usr/local/bundle/gems/graphiql-rails-1.7.0views/graphiql/rails/editors/show.html.erb (Duration: 0.6ms | Allocations: 223)
Completed 200 OK in 4ms (Views: 3.7ms | ActiveRecord: 0.0ms | Allocations: 539)


Started GET "/stylesheets/graphiql/rails/application.css" for 192.168.48.1 at 2021-02-08 14:30:51 +0000
Started GET "/javascripts/graphiql/rails/application.js" for 192.168.48.1 at 2021-02-08 14:30:51 +0000
  
ActionController::RoutingError (No route matches [GET] "/stylesheets/graphiql/rails/application.css"):
  
  
ActionController::RoutingError (No route matches [GET] "/javascripts/graphiql/rails/application.js"):
  
Started GET "/graphiql" for 192.168.48.1 at 2021-02-08 14:30:52 +0000
Processing by GraphiQL::Rails::EditorsController#show as HTML
  Parameters: {"graphql_path"=>"/graphql"}
  Rendering /usr/local/bundle/gems/graphiql-rails-1.7.0views/graphiql/rails/editors/show.html.erb
  Rendered /usr/local/bundle/gems/graphiql-rails-1.7.0views/graphiql/rails/editors/show.html.erb (Duration: 0.6ms | Allocations: 223)
Completed 200 OK in 3ms (Views: 2.7ms | ActiveRecord: 0.0ms | Allocations: 539)


Started GET "/javascripts/graphiql/rails/application.js" for 192.168.48.1 at 2021-02-08 14:30:52 +0000
Started GET "/stylesheets/graphiql/rails/application.css" for 192.168.48.1 at 2021-02-08 14:30:52 +0000
  
ActionController::RoutingError (No route matches [GET] "/javascripts/graphiql/rails/application.js"):
  
  
ActionController::RoutingError (No route matches [GET] "/stylesheets/graphiql/rails/application.css"):
  
Started GET "/graphiql" for 192.168.48.1 at 2021-02-08 14:33:14 +0000
Processing by GraphiQL::Rails::EditorsController#show as HTML
  Parameters: {"graphql_path"=>"/graphql"}
  Rendering /usr/local/bundle/gems/graphiql-rails-1.7.0views/graphiql/rails/editors/show.html.erb
  Rendered /usr/local/bundle/gems/graphiql-rails-1.7.0views/graphiql/rails/editors/show.html.erb (Duration: 1.0ms | Allocations: 225)
Completed 200 OK in 7ms (Views: 5.9ms | ActiveRecord: 0.0ms | Allocations: 691)


Started GET "/javascripts/graphiql/rails/application.js" for 192.168.48.1 at 2021-02-08 14:33:15 +0000
Started GET "/stylesheets/graphiql/rails/application.css" for 192.168.48.1 at 2021-02-08 14:33:15 +0000
  
ActionController::RoutingError (No route matches [GET] "/javascripts/graphiql/rails/application.js"):
  
  
ActionController::RoutingError (No route matches [GET] "/stylesheets/graphiql/rails/application.css"):
  
Started GET "/graphiql" for 192.168.48.1 at 2021-02-08 14:33:16 +0000
Processing by GraphiQL::Rails::EditorsController#show as HTML
  Parameters: {"graphql_path"=>"/graphql"}
  Rendering /usr/local/bundle/gems/graphiql-rails-1.7.0views/graphiql/rails/editors/show.html.erb
  Rendered /usr/local/bundle/gems/graphiql-rails-1.7.0views/graphiql/rails/editors/show.html.erb (Duration: 0.8ms | Allocations: 223)
Completed 200 OK in 4ms (Views: 3.1ms | ActiveRecord: 0.0ms | Allocations: 539)


Started GET "/stylesheets/graphiql/rails/application.css" for 192.168.48.1 at 2021-02-08 14:33:16 +0000
Started GET "/javascripts/graphiql/rails/application.js" for 192.168.48.1 at 2021-02-08 14:33:16 +0000
  
ActionController::RoutingError (No route matches [GET] "/stylesheets/graphiql/rails/application.css"):
  
  
ActionController::RoutingError (No route matches [GET] "/javascripts/graphiql/rails/application.js"):
  
Started GET "/graphiql" for 192.168.48.1 at 2021-02-08 14:33:17 +0000
Processing by GraphiQL::Rails::EditorsController#show as HTML
  Parameters: {"graphql_path"=>"/graphql"}
  Rendering /usr/local/bundle/gems/graphiql-rails-1.7.0views/graphiql/rails/editors/show.html.erb
  Rendered /usr/local/bundle/gems/graphiql-rails-1.7.0views/graphiql/rails/editors/show.html.erb (Duration: 0.9ms | Allocations: 223)
Completed 200 OK in 7ms (Views: 6.0ms | ActiveRecord: 0.0ms | Allocations: 539)


Started GET "/stylesheets/graphiql/rails/application.css" for 192.168.48.1 at 2021-02-08 14:33:17 +0000
Started GET "/javascripts/graphiql/rails/application.js" for 192.168.48.1 at 2021-02-08 14:33:17 +0000
  
ActionController::RoutingError (No route matches [GET] "/stylesheets/graphiql/rails/application.css"):
  
  
ActionController::RoutingError (No route matches [GET] "/javascripts/graphiql/rails/application.js"):
  
Started GET "/graphiql" for 192.168.48.1 at 2021-02-08 14:33:17 +0000
Processing by GraphiQL::Rails::EditorsController#show as HTML
  Parameters: {"graphql_path"=>"/graphql"}
  Rendering /usr/local/bundle/gems/graphiql-rails-1.7.0views/graphiql/rails/editors/show.html.erb
  Rendered /usr/local/bundle/gems/graphiql-rails-1.7.0views/graphiql/rails/editors/show.html.erb (Duration: 0.6ms | Allocations: 223)
Completed 200 OK in 3ms (Views: 2.7ms | ActiveRecord: 0.0ms | Allocations: 539)


Started GET "/stylesheets/graphiql/rails/application.css" for 192.168.48.1 at 2021-02-08 14:33:17 +0000
Started GET "/javascripts/graphiql/rails/application.js" for 192.168.48.1 at 2021-02-08 14:33:17 +0000
  
ActionController::RoutingError (No route matches [GET] "/stylesheets/graphiql/rails/application.css"):
  
  
ActionController::RoutingError (No route matches [GET] "/javascripts/graphiql/rails/application.js"):
  
Started GET "/graphiql" for 192.168.48.1 at 2021-02-08 14:33:48 +0000
Processing by GraphiQL::Rails::EditorsController#show as HTML
  Parameters: {"graphql_path"=>"/graphql"}
  Rendering /usr/local/bundle/gems/graphiql-rails-1.7.0views/graphiql/rails/editors/show.html.erb
  Rendered /usr/local/bundle/gems/graphiql-rails-1.7.0views/graphiql/rails/editors/show.html.erb (Duration: 0.5ms | Allocations: 223)
Completed 200 OK in 4ms (Views: 3.7ms | ActiveRecord: 0.0ms | Allocations: 539)


Started GET "/stylesheets/graphiql/rails/application.css" for 192.168.48.1 at 2021-02-08 14:33:49 +0000
Started GET "/javascripts/graphiql/rails/application.js" for 192.168.48.1 at 2021-02-08 14:33:49 +0000
  
ActionController::RoutingError (No route matches [GET] "/stylesheets/graphiql/rails/application.css"):
  
  
ActionController::RoutingError (No route matches [GET] "/javascripts/graphiql/rails/application.js"):
  
Started GET "/" for 192.168.80.1 at 2021-02-08 14:34:57 +0000
Processing by Rails::WelcomeController#index as HTML
  Rendering /usr/local/bundle/gems/railties-6.1.1/lib/rails/templates/rails/welcome/index.html.erb
  Rendered /usr/local/bundle/gems/railties-6.1.1/lib/rails/templates/rails/welcome/index.html.erb (Duration: 11.4ms | Allocations: 459)
Completed 200 OK in 47ms (Views: 16.7ms | ActiveRecord: 0.0ms | Allocations: 3874)


Started GET "/graphiql" for 192.168.80.1 at 2021-02-08 14:35:01 +0000
Processing by GraphiQL::Rails::EditorsController#show as HTML
  Parameters: {"graphql_path"=>"/graphql"}
  Rendering /usr/local/bundle/gems/graphiql-rails-1.7.0views/graphiql/rails/editors/show.html.erb
  Rendered /usr/local/bundle/gems/graphiql-rails-1.7.0views/graphiql/rails/editors/show.html.erb (Duration: 3.3ms | Allocations: 447)
Completed 200 OK in 21ms (Views: 16.1ms | ActiveRecord: 0.0ms | Allocations: 1938)


Started GET "/stylesheets/graphiql/rails/application.css" for 192.168.80.1 at 2021-02-08 14:35:01 +0000
Started GET "/javascripts/graphiql/rails/application.js" for 192.168.80.1 at 2021-02-08 14:35:01 +0000
  
ActionController::RoutingError (No route matches [GET] "/stylesheets/graphiql/rails/application.css"):
  
  
ActionController::RoutingError (No route matches [GET] "/javascripts/graphiql/rails/application.js"):
  
Started GET "/graphiql" for 192.168.80.1 at 2021-02-08 14:35:22 +0000
Processing by GraphiQL::Rails::EditorsController#show as HTML
  Parameters: {"graphql_path"=>"/graphql"}
  Rendering /usr/local/bundle/gems/graphiql-rails-1.7.0views/graphiql/rails/editors/show.html.erb
  Rendered /usr/local/bundle/gems/graphiql-rails-1.7.0views/graphiql/rails/editors/show.html.erb (Duration: 1.3ms | Allocations: 225)
Completed 200 OK in 9ms (Views: 8.7ms | ActiveRecord: 0.0ms | Allocations: 691)


Started GET "/javascripts/graphiql/rails/application.js" for 192.168.80.1 at 2021-02-08 14:35:23 +0000
Started GET "/stylesheets/graphiql/rails/application.css" for 192.168.80.1 at 2021-02-08 14:35:23 +0000
  
ActionController::RoutingError (No route matches [GET] "/javascripts/graphiql/rails/application.js"):
  
  
ActionController::RoutingError (No route matches [GET] "/stylesheets/graphiql/rails/application.css"):
  
Started GET "/graphiql" for 192.168.80.1 at 2021-02-08 14:35:24 +0000
Processing by GraphiQL::Rails::EditorsController#show as HTML
  Parameters: {"graphql_path"=>"/graphql"}
  Rendering /usr/local/bundle/gems/graphiql-rails-1.7.0views/graphiql/rails/editors/show.html.erb
  Rendered /usr/local/bundle/gems/graphiql-rails-1.7.0views/graphiql/rails/editors/show.html.erb (Duration: 0.6ms | Allocations: 224)
Completed 200 OK in 3ms (Views: 2.9ms | ActiveRecord: 0.0ms | Allocations: 542)


Started GET "/javascripts/graphiql/rails/application.js" for 192.168.80.1 at 2021-02-08 14:35:24 +0000
Started GET "/stylesheets/graphiql/rails/application.css" for 192.168.80.1 at 2021-02-08 14:35:24 +0000
  
ActionController::RoutingError (No route matches [GET] "/javascripts/graphiql/rails/application.js"):
  
  
ActionController::RoutingError (No route matches [GET] "/stylesheets/graphiql/rails/application.css"):
  
Started GET "/graphiql" for 192.168.80.1 at 2021-02-08 14:35:24 +0000
Processing by GraphiQL::Rails::EditorsController#show as HTML
  Parameters: {"graphql_path"=>"/graphql"}
  Rendering /usr/local/bundle/gems/graphiql-rails-1.7.0views/graphiql/rails/editors/show.html.erb
  Rendered /usr/local/bundle/gems/graphiql-rails-1.7.0views/graphiql/rails/editors/show.html.erb (Duration: 0.5ms | Allocations: 224)
Completed 200 OK in 4ms (Views: 3.1ms | ActiveRecord: 0.0ms | Allocations: 543)


Started GET "/stylesheets/graphiql/rails/application.css" for 192.168.80.1 at 2021-02-08 14:35:24 +0000
Started GET "/javascripts/graphiql/rails/application.js" for 192.168.80.1 at 2021-02-08 14:35:24 +0000
  
ActionController::RoutingError (No route matches [GET] "/stylesheets/graphiql/rails/application.css"):
  
  
ActionController::RoutingError (No route matches [GET] "/javascripts/graphiql/rails/application.js"):
  
Started GET "/graphiql" for 192.168.80.1 at 2021-02-08 14:35:25 +0000
Processing by GraphiQL::Rails::EditorsController#show as HTML
  Parameters: {"graphql_path"=>"/graphql"}
  Rendering /usr/local/bundle/gems/graphiql-rails-1.7.0views/graphiql/rails/editors/show.html.erb
  Rendered /usr/local/bundle/gems/graphiql-rails-1.7.0views/graphiql/rails/editors/show.html.erb (Duration: 0.7ms | Allocations: 224)
Completed 200 OK in 7ms (Views: 6.1ms | ActiveRecord: 0.0ms | Allocations: 542)


Started GET "/stylesheets/graphiql/rails/application.css" for 192.168.80.1 at 2021-02-08 14:35:25 +0000
Started GET "/javascripts/graphiql/rails/application.js" for 192.168.80.1 at 2021-02-08 14:35:25 +0000
  
ActionController::RoutingError (No route matches [GET] "/stylesheets/graphiql/rails/application.css"):
  
  
ActionController::RoutingError (No route matches [GET] "/javascripts/graphiql/rails/application.js"):
  
Started GET "/graphiql" for 192.168.80.1 at 2021-02-08 14:35:27 +0000
Processing by GraphiQL::Rails::EditorsController#show as HTML
  Parameters: {"graphql_path"=>"/graphql"}
  Rendering /usr/local/bundle/gems/graphiql-rails-1.7.0views/graphiql/rails/editors/show.html.erb
  Rendered /usr/local/bundle/gems/graphiql-rails-1.7.0views/graphiql/rails/editors/show.html.erb (Duration: 0.5ms | Allocations: 223)
Completed 200 OK in 4ms (Views: 3.4ms | ActiveRecord: 0.0ms | Allocations: 539)


Started GET "/stylesheets/graphiql/rails/application.css" for 192.168.80.1 at 2021-02-08 14:35:27 +0000
Started GET "/javascripts/graphiql/rails/application.js" for 192.168.80.1 at 2021-02-08 14:35:27 +0000
  
ActionController::RoutingError (No route matches [GET] "/stylesheets/graphiql/rails/application.css"):
  
  
ActionController::RoutingError (No route matches [GET] "/javascripts/graphiql/rails/application.js"):
  
Started GET "/graphiql" for 192.168.80.1 at 2021-02-08 14:35:37 +0000
Processing by GraphiQL::Rails::EditorsController#show as HTML
  Parameters: {"graphql_path"=>"/graphql"}
  Rendering /usr/local/bundle/gems/graphiql-rails-1.7.0views/graphiql/rails/editors/show.html.erb
  Rendered /usr/local/bundle/gems/graphiql-rails-1.7.0views/graphiql/rails/editors/show.html.erb (Duration: 0.9ms | Allocations: 225)
Completed 200 OK in 5ms (Views: 4.4ms | ActiveRecord: 0.0ms | Allocations: 691)


Started GET "/javascripts/graphiql/rails/application.js" for 192.168.80.1 at 2021-02-08 14:35:38 +0000
Started GET "/stylesheets/graphiql/rails/application.css" for 192.168.80.1 at 2021-02-08 14:35:38 +0000
  
ActionController::RoutingError (No route matches [GET] "/javascripts/graphiql/rails/application.js"):
  
  
ActionController::RoutingError (No route matches [GET] "/stylesheets/graphiql/rails/application.css"):
  
Started GET "/graphiql" for 192.168.80.1 at 2021-02-08 14:35:38 +0000
Processing by GraphiQL::Rails::EditorsController#show as HTML
  Parameters: {"graphql_path"=>"/graphql"}
  Rendering /usr/local/bundle/gems/graphiql-rails-1.7.0views/graphiql/rails/editors/show.html.erb
  Rendered /usr/local/bundle/gems/graphiql-rails-1.7.0views/graphiql/rails/editors/show.html.erb (Duration: 0.8ms | Allocations: 223)
Completed 200 OK in 4ms (Views: 3.5ms | ActiveRecord: 0.0ms | Allocations: 539)


Started GET "/javascripts/graphiql/rails/application.js" for 192.168.80.1 at 2021-02-08 14:35:38 +0000
Started GET "/stylesheets/graphiql/rails/application.css" for 192.168.80.1 at 2021-02-08 14:35:38 +0000
  
ActionController::RoutingError (No route matches [GET] "/javascripts/graphiql/rails/application.js"):
  
  
ActionController::RoutingError (No route matches [GET] "/stylesheets/graphiql/rails/application.css"):
  
Started GET "/graphiql" for 192.168.96.1 at 2021-02-08 14:36:35 +0000
Processing by GraphiQL::Rails::EditorsController#show as HTML
  Parameters: {"graphql_path"=>"/graphql"}
  Rendering /usr/local/bundle/gems/graphiql-rails-1.7.0views/graphiql/rails/editors/show.html.erb
  Rendered /usr/local/bundle/gems/graphiql-rails-1.7.0views/graphiql/rails/editors/show.html.erb (Duration: 3.0ms | Allocations: 706)
Completed 200 OK in 39ms (Views: 15.8ms | ActiveRecord: 0.0ms | Allocations: 4936)


Started GET "/javascripts/graphiql/rails/application.js" for 192.168.96.1 at 2021-02-08 14:36:36 +0000
Started GET "/stylesheets/graphiql/rails/application.css" for 192.168.96.1 at 2021-02-08 14:36:36 +0000
  
ActionController::RoutingError (No route matches [GET] "/javascripts/graphiql/rails/application.js"):
  
  
ActionController::RoutingError (No route matches [GET] "/stylesheets/graphiql/rails/application.css"):
  
Started GET "/graphiql" for 192.168.96.1 at 2021-02-08 14:36:37 +0000
Processing by GraphiQL::Rails::EditorsController#show as HTML
  Parameters: {"graphql_path"=>"/graphql"}
  Rendering /usr/local/bundle/gems/graphiql-rails-1.7.0views/graphiql/rails/editors/show.html.erb
  Rendered /usr/local/bundle/gems/graphiql-rails-1.7.0views/graphiql/rails/editors/show.html.erb (Duration: 1.4ms | Allocations: 224)
Completed 200 OK in 26ms (Views: 24.8ms | ActiveRecord: 0.0ms | Allocations: 544)


Started GET "/stylesheets/graphiql/rails/application.css" for 192.168.96.1 at 2021-02-08 14:36:37 +0000
Started GET "/javascripts/graphiql/rails/application.js" for 192.168.96.1 at 2021-02-08 14:36:37 +0000
  
ActionController::RoutingError (No route matches [GET] "/stylesheets/graphiql/rails/application.css"):
  
  
ActionController::RoutingError (No route matches [GET] "/javascripts/graphiql/rails/application.js"):
  
Started GET "/graphiql" for 192.168.96.1 at 2021-02-08 14:36:55 +0000
Processing by GraphiQL::Rails::EditorsController#show as HTML
  Parameters: {"graphql_path"=>"/graphql"}
  Rendering /usr/local/bundle/gems/graphiql-rails-1.7.0views/graphiql/rails/editors/show.html.erb
  Rendered /usr/local/bundle/gems/graphiql-rails-1.7.0views/graphiql/rails/editors/show.html.erb (Duration: 0.6ms | Allocations: 224)
Completed 200 OK in 4ms (Views: 3.8ms | ActiveRecord: 0.0ms | Allocations: 543)


Started GET "/stylesheets/graphiql/rails/application.css" for 192.168.96.1 at 2021-02-08 14:36:55 +0000
  
ActionController::RoutingError (No route matches [GET] "/stylesheets/graphiql/rails/application.css"):
  
Started GET "/javascripts/graphiql/rails/application.js" for 192.168.96.1 at 2021-02-08 14:36:55 +0000
  
ActionController::RoutingError (No route matches [GET] "/javascripts/graphiql/rails/application.js"):
  
Started GET "/graphiql" for 192.168.96.1 at 2021-02-08 14:36:56 +0000
Processing by GraphiQL::Rails::EditorsController#show as HTML
  Parameters: {"graphql_path"=>"/graphql"}
  Rendering /usr/local/bundle/gems/graphiql-rails-1.7.0views/graphiql/rails/editors/show.html.erb
  Rendered /usr/local/bundle/gems/graphiql-rails-1.7.0views/graphiql/rails/editors/show.html.erb (Duration: 0.8ms | Allocations: 224)
Completed 200 OK in 4ms (Views: 3.5ms | ActiveRecord: 0.0ms | Allocations: 542)


Started GET "/stylesheets/graphiql/rails/application.css" for 192.168.96.1 at 2021-02-08 14:36:56 +0000
Started GET "/javascripts/graphiql/rails/application.js" for 192.168.96.1 at 2021-02-08 14:36:56 +0000
  
ActionController::RoutingError (No route matches [GET] "/stylesheets/graphiql/rails/application.css"):
  
  
ActionController::RoutingError (No route matches [GET] "/javascripts/graphiql/rails/application.js"):
  
Started GET "/graphiql" for 192.168.96.1 at 2021-02-08 14:36:56 +0000
Processing by GraphiQL::Rails::EditorsController#show as HTML
  Parameters: {"graphql_path"=>"/graphql"}
  Rendering /usr/local/bundle/gems/graphiql-rails-1.7.0views/graphiql/rails/editors/show.html.erb
  Rendered /usr/local/bundle/gems/graphiql-rails-1.7.0views/graphiql/rails/editors/show.html.erb (Duration: 0.5ms | Allocations: 224)
Completed 200 OK in 3ms (Views: 2.7ms | ActiveRecord: 0.0ms | Allocations: 542)


Started GET "/stylesheets/graphiql/rails/application.css" for 192.168.96.1 at 2021-02-08 14:36:57 +0000
Started GET "/javascripts/graphiql/rails/application.js" for 192.168.96.1 at 2021-02-08 14:36:57 +0000
  
ActionController::RoutingError (No route matches [GET] "/stylesheets/graphiql/rails/application.css"):
  
  
ActionController::RoutingError (No route matches [GET] "/javascripts/graphiql/rails/application.js"):
  
Started GET "/graphiql" for 192.168.96.1 at 2021-02-08 14:36:58 +0000
Processing by GraphiQL::Rails::EditorsController#show as HTML
  Parameters: {"graphql_path"=>"/graphql"}
  Rendering /usr/local/bundle/gems/graphiql-rails-1.7.0views/graphiql/rails/editors/show.html.erb
  Rendered /usr/local/bundle/gems/graphiql-rails-1.7.0views/graphiql/rails/editors/show.html.erb (Duration: 0.7ms | Allocations: 223)
Completed 200 OK in 5ms (Views: 3.7ms | ActiveRecord: 0.0ms | Allocations: 539)


Started GET "/stylesheets/graphiql/rails/application.css" for 192.168.96.1 at 2021-02-08 14:36:58 +0000
Started GET "/javascripts/graphiql/rails/application.js" for 192.168.96.1 at 2021-02-08 14:36:58 +0000
  
ActionController::RoutingError (No route matches [GET] "/stylesheets/graphiql/rails/application.css"):
  
  
ActionController::RoutingError (No route matches [GET] "/javascripts/graphiql/rails/application.js"):
  
Started GET "/graphiql" for 192.168.96.1 at 2021-02-08 14:37:03 +0000
Processing by GraphiQL::Rails::EditorsController#show as HTML
  Parameters: {"graphql_path"=>"/graphql"}
  Rendering /usr/local/bundle/gems/graphiql-rails-1.7.0views/graphiql/rails/editors/show.html.erb
  Rendered /usr/local/bundle/gems/graphiql-rails-1.7.0views/graphiql/rails/editors/show.html.erb (Duration: 0.6ms | Allocations: 223)
Completed 200 OK in 11ms (Views: 10.4ms | ActiveRecord: 0.0ms | Allocations: 539)


Started GET "/javascripts/graphiql/rails/application.js" for 192.168.96.1 at 2021-02-08 14:37:03 +0000
Started GET "/stylesheets/graphiql/rails/application.css" for 192.168.96.1 at 2021-02-08 14:37:03 +0000
  
ActionController::RoutingError (No route matches [GET] "/javascripts/graphiql/rails/application.js"):
  
  
ActionController::RoutingError (No route matches [GET] "/stylesheets/graphiql/rails/application.css"):
  
Started GET "/graphiql" for 192.168.96.1 at 2021-02-08 14:37:03 +0000
Processing by GraphiQL::Rails::EditorsController#show as HTML
  Parameters: {"graphql_path"=>"/graphql"}
  Rendering /usr/local/bundle/gems/graphiql-rails-1.7.0views/graphiql/rails/editors/show.html.erb
  Rendered /usr/local/bundle/gems/graphiql-rails-1.7.0views/graphiql/rails/editors/show.html.erb (Duration: 0.5ms | Allocations: 223)
Completed 200 OK in 4ms (Views: 3.1ms | ActiveRecord: 0.0ms | Allocations: 539)


Started GET "/javascripts/graphiql/rails/application.js" for 192.168.96.1 at 2021-02-08 14:37:03 +0000
Started GET "/stylesheets/graphiql/rails/application.css" for 192.168.96.1 at 2021-02-08 14:37:03 +0000
  
ActionController::RoutingError (No route matches [GET] "/javascripts/graphiql/rails/application.js"):
  
  
ActionController::RoutingError (No route matches [GET] "/stylesheets/graphiql/rails/application.css"):
  
Started GET "/graphiql" for 192.168.96.1 at 2021-02-08 14:37:05 +0000
Processing by GraphiQL::Rails::EditorsController#show as HTML
  Parameters: {"graphql_path"=>"/graphql"}
  Rendering /usr/local/bundle/gems/graphiql-rails-1.7.0views/graphiql/rails/editors/show.html.erb
  Rendered /usr/local/bundle/gems/graphiql-rails-1.7.0views/graphiql/rails/editors/show.html.erb (Duration: 0.5ms | Allocations: 223)
Completed 200 OK in 4ms (Views: 3.2ms | ActiveRecord: 0.0ms | Allocations: 539)


Started GET "/stylesheets/graphiql/rails/application.css" for 192.168.96.1 at 2021-02-08 14:37:05 +0000
Started GET "/javascripts/graphiql/rails/application.js" for 192.168.96.1 at 2021-02-08 14:37:05 +0000
  
ActionController::RoutingError (No route matches [GET] "/stylesheets/graphiql/rails/application.css"):
  
  
ActionController::RoutingError (No route matches [GET] "/javascripts/graphiql/rails/application.js"):
  
Started GET "/graphiql" for 192.168.112.1 at 2021-02-08 14:37:41 +0000
Processing by GraphiQL::Rails::EditorsController#show as HTML
  Parameters: {"graphql_path"=>"/graphql"}
  Rendering /usr/local/bundle/gems/graphiql-rails-1.7.0views/graphiql/rails/editors/show.html.erb
  Rendered /usr/local/bundle/gems/graphiql-rails-1.7.0views/graphiql/rails/editors/show.html.erb (Duration: 1.5ms | Allocations: 706)
Completed 200 OK in 36ms (Views: 10.4ms | ActiveRecord: 0.0ms | Allocations: 4936)


Started GET "/stylesheets/graphiql/rails/application.css" for 192.168.112.1 at 2021-02-08 14:37:42 +0000
Started GET "/javascripts/graphiql/rails/application.js" for 192.168.112.1 at 2021-02-08 14:37:42 +0000
  
ActionController::RoutingError (No route matches [GET] "/stylesheets/graphiql/rails/application.css"):
  
  
ActionController::RoutingError (No route matches [GET] "/javascripts/graphiql/rails/application.js"):
  
Started GET "/graphiql" for 192.168.112.1 at 2021-02-08 14:37:44 +0000
Processing by GraphiQL::Rails::EditorsController#show as HTML
  Parameters: {"graphql_path"=>"/graphql"}
  Rendering /usr/local/bundle/gems/graphiql-rails-1.7.0views/graphiql/rails/editors/show.html.erb
  Rendered /usr/local/bundle/gems/graphiql-rails-1.7.0views/graphiql/rails/editors/show.html.erb (Duration: 0.6ms | Allocations: 224)
Completed 200 OK in 4ms (Views: 3.2ms | ActiveRecord: 0.0ms | Allocations: 544)


Started GET "/stylesheets/graphiql/rails/application.css" for 192.168.112.1 at 2021-02-08 14:37:44 +0000
Started GET "/javascripts/graphiql/rails/application.js" for 192.168.112.1 at 2021-02-08 14:37:44 +0000
  
ActionController::RoutingError (No route matches [GET] "/stylesheets/graphiql/rails/application.css"):
  
  
ActionController::RoutingError (No route matches [GET] "/javascripts/graphiql/rails/application.js"):
  
Started GET "/graphiql" for 192.168.112.1 at 2021-02-08 14:39:52 +0000
Processing by GraphiQL::Rails::EditorsController#show as HTML
  Parameters: {"graphql_path"=>"/graphql"}
  Rendering /usr/local/bundle/gems/graphiql-rails-1.7.0views/graphiql/rails/editors/show.html.erb
  Rendered /usr/local/bundle/gems/graphiql-rails-1.7.0views/graphiql/rails/editors/show.html.erb (Duration: 2.0ms | Allocations: 224)
Completed 200 OK in 7ms (Views: 5.9ms | ActiveRecord: 0.0ms | Allocations: 542)


Started GET "/stylesheets/graphiql/rails/application.css" for 192.168.112.1 at 2021-02-08 14:39:52 +0000
Started GET "/javascripts/graphiql/rails/application.js" for 192.168.112.1 at 2021-02-08 14:39:52 +0000
  
ActionController::RoutingError (No route matches [GET] "/stylesheets/graphiql/rails/application.css"):
  
  
ActionController::RoutingError (No route matches [GET] "/javascripts/graphiql/rails/application.js"):
  
Started GET "/graphiql" for 192.168.112.1 at 2021-02-08 14:39:53 +0000
Processing by GraphiQL::Rails::EditorsController#show as HTML
  Parameters: {"graphql_path"=>"/graphql"}
  Rendering /usr/local/bundle/gems/graphiql-rails-1.7.0views/graphiql/rails/editors/show.html.erb
  Rendered /usr/local/bundle/gems/graphiql-rails-1.7.0views/graphiql/rails/editors/show.html.erb (Duration: 2.0ms | Allocations: 224)
Completed 200 OK in 7ms (Views: 6.2ms | ActiveRecord: 0.0ms | Allocations: 542)


Started GET "/javascripts/graphiql/rails/application.js" for 192.168.112.1 at 2021-02-08 14:39:53 +0000
Started GET "/stylesheets/graphiql/rails/application.css" for 192.168.112.1 at 2021-02-08 14:39:53 +0000
  
ActionController::RoutingError (No route matches [GET] "/javascripts/graphiql/rails/application.js"):
  
  
ActionController::RoutingError (No route matches [GET] "/stylesheets/graphiql/rails/application.css"):
  
Started GET "/graphiql" for 192.168.112.1 at 2021-02-08 14:39:54 +0000
Processing by GraphiQL::Rails::EditorsController#show as HTML
  Parameters: {"graphql_path"=>"/graphql"}
  Rendering /usr/local/bundle/gems/graphiql-rails-1.7.0views/graphiql/rails/editors/show.html.erb
  Rendered /usr/local/bundle/gems/graphiql-rails-1.7.0views/graphiql/rails/editors/show.html.erb (Duration: 0.5ms | Allocations: 223)
Completed 200 OK in 5ms (Views: 3.7ms | ActiveRecord: 0.0ms | Allocations: 539)


Started GET "/javascripts/graphiql/rails/application.js" for 192.168.112.1 at 2021-02-08 14:39:54 +0000
Started GET "/stylesheets/graphiql/rails/application.css" for 192.168.112.1 at 2021-02-08 14:39:54 +0000
  
ActionController::RoutingError (No route matches [GET] "/javascripts/graphiql/rails/application.js"):
  
  
ActionController::RoutingError (No route matches [GET] "/stylesheets/graphiql/rails/application.css"):
  
Started GET "/graphiql" for 192.168.112.1 at 2021-02-08 14:39:55 +0000
Processing by GraphiQL::Rails::EditorsController#show as HTML
  Parameters: {"graphql_path"=>"/graphql"}
  Rendering /usr/local/bundle/gems/graphiql-rails-1.7.0views/graphiql/rails/editors/show.html.erb
  Rendered /usr/local/bundle/gems/graphiql-rails-1.7.0views/graphiql/rails/editors/show.html.erb (Duration: 1.2ms | Allocations: 223)
Completed 200 OK in 6ms (Views: 4.8ms | ActiveRecord: 0.0ms | Allocations: 539)


Started GET "/javascripts/graphiql/rails/application.js" for 192.168.112.1 at 2021-02-08 14:39:55 +0000
Started GET "/stylesheets/graphiql/rails/application.css" for 192.168.112.1 at 2021-02-08 14:39:55 +0000
  
ActionController::RoutingError (No route matches [GET] "/javascripts/graphiql/rails/application.js"):
  
  
ActionController::RoutingError (No route matches [GET] "/stylesheets/graphiql/rails/application.css"):
  
Started GET "/graphiql" for 192.168.112.1 at 2021-02-08 14:39:56 +0000
Processing by GraphiQL::Rails::EditorsController#show as HTML
  Parameters: {"graphql_path"=>"/graphql"}
  Rendering /usr/local/bundle/gems/graphiql-rails-1.7.0views/graphiql/rails/editors/show.html.erb
  Rendered /usr/local/bundle/gems/graphiql-rails-1.7.0views/graphiql/rails/editors/show.html.erb (Duration: 1.1ms | Allocations: 223)
Completed 200 OK in 5ms (Views: 4.2ms | ActiveRecord: 0.0ms | Allocations: 539)


Started GET "/stylesheets/graphiql/rails/application.css" for 192.168.112.1 at 2021-02-08 14:39:56 +0000
Started GET "/javascripts/graphiql/rails/application.js" for 192.168.112.1 at 2021-02-08 14:39:56 +0000
  
ActionController::RoutingError (No route matches [GET] "/stylesheets/graphiql/rails/application.css"):
  
  
ActionController::RoutingError (No route matches [GET] "/javascripts/graphiql/rails/application.js"):
  
Started GET "/graphiql" for 192.168.112.1 at 2021-02-08 14:39:56 +0000
Processing by GraphiQL::Rails::EditorsController#show as HTML
  Parameters: {"graphql_path"=>"/graphql"}
  Rendering /usr/local/bundle/gems/graphiql-rails-1.7.0views/graphiql/rails/editors/show.html.erb
  Rendered /usr/local/bundle/gems/graphiql-rails-1.7.0views/graphiql/rails/editors/show.html.erb (Duration: 1.0ms | Allocations: 223)
Completed 200 OK in 5ms (Views: 4.3ms | ActiveRecord: 0.0ms | Allocations: 539)


Started GET "/stylesheets/graphiql/rails/application.css" for 192.168.112.1 at 2021-02-08 14:39:56 +0000
Started GET "/javascripts/graphiql/rails/application.js" for 192.168.112.1 at 2021-02-08 14:39:56 +0000
  
ActionController::RoutingError (No route matches [GET] "/stylesheets/graphiql/rails/application.css"):
  
  
ActionController::RoutingError (No route matches [GET] "/javascripts/graphiql/rails/application.js"):
  
Started GET "/graphiql" for 192.168.128.1 at 2021-02-08 14:40:57 +0000
Processing by GraphiQL::Rails::EditorsController#show as HTML
  Parameters: {"graphql_path"=>"/graphql"}
  Rendering /usr/local/bundle/gems/graphiql-rails-1.7.0views/graphiql/rails/editors/show.html.erb
  Rendered /usr/local/bundle/gems/graphiql-rails-1.7.0views/graphiql/rails/editors/show.html.erb (Duration: 1071.7ms | Allocations: 68777)
Completed 200 OK in 1114ms (Views: 1085.1ms | ActiveRecord: 0.0ms | Allocations: 73005)


Started GET "/assets/graphiql/rails/application-2a075095d1b0291d817b2e5b804a33ffa3b9da7e4a3ea8382acccef8eb8b661c.css" for 192.168.128.1 at 2021-02-08 14:40:58 +0000
Started GET "/assets/graphiql/rails/application-31eddba0b591aeaf3c26ec58ff19af49371c0599526cac71dc5d602c2cb1306f.js" for 192.168.128.1 at 2021-02-08 14:40:58 +0000
Started POST "/graphql" for 192.168.128.1 at 2021-02-08 14:40:59 +0000
Processing by GraphqlController#execute as */*
  Parameters: {"query"=>"\n    query IntrospectionQuery {\n      __schema {\n        queryType { name }\n        mutationType { name }\n        subscriptionType { name }\n        types {\n          ...FullType\n        }\n        directives {\n          name\n          description\n          locations\n          args {\n            ...InputValue\n          }\n        }\n      }\n    }\n\n    fragment FullType on __Type {\n      kind\n      name\n      description\n      fields(includeDeprecated: true) {\n        name\n        description\n        args {\n          ...InputValue\n        }\n        type {\n          ...TypeRef\n        }\n        isDeprecated\n        deprecationReason\n      }\n      inputFields {\n        ...InputValue\n      }\n      interfaces {\n        ...TypeRef\n      }\n      enumValues(includeDeprecated: true) {\n        name\n        description\n        isDeprecated\n        deprecationReason\n      }\n      possibleTypes {\n        ...TypeRef\n      }\n    }\n\n    fragment InputValue on __InputValue {\n      name\n      description\n      type { ...TypeRef }\n      defaultValue\n    }\n\n    fragment TypeRef on __Type {\n      kind\n      name\n      ofType {\n        kind\n        name\n        ofType {\n          kind\n          name\n          ofType {\n            kind\n            name\n            ofType {\n              kind\n              name\n              ofType {\n                kind\n                name\n                ofType {\n                  kind\n                  name\n                  ofType {\n                    kind\n                    name\n                  }\n                }\n              }\n            }\n          }\n        }\n      }\n    }\n  ", "graphql"=>{"query"=>"\n    query IntrospectionQuery {\n      __schema {\n        queryType { name }\n        mutationType { name }\n        subscriptionType { name }\n        types {\n          ...FullType\n        }\n        directives {\n          name\n          description\n          locations\n          args {\n            ...InputValue\n          }\n        }\n      }\n    }\n\n    fragment FullType on __Type {\n      kind\n      name\n      description\n      fields(includeDeprecated: true) {\n        name\n        description\n        args {\n          ...InputValue\n        }\n        type {\n          ...TypeRef\n        }\n        isDeprecated\n        deprecationReason\n      }\n      inputFields {\n        ...InputValue\n      }\n      interfaces {\n        ...TypeRef\n      }\n      enumValues(includeDeprecated: true) {\n        name\n        description\n        isDeprecated\n        deprecationReason\n      }\n      possibleTypes {\n        ...TypeRef\n      }\n    }\n\n    fragment InputValue on __InputValue {\n      name\n      description\n      type { ...TypeRef }\n      defaultValue\n    }\n\n    fragment TypeRef on __Type {\n      kind\n      name\n      ofType {\n        kind\n        name\n        ofType {\n          kind\n          name\n          ofType {\n            kind\n            name\n            ofType {\n              kind\n              name\n              ofType {\n                kind\n                name\n                ofType {\n                  kind\n                  name\n                  ofType {\n                    kind\n                    name\n                  }\n                }\n              }\n            }\n          }\n        }\n      }\n    }\n  "}}
Completed 200 OK in 204ms (Views: 11.6ms | ActiveRecord: 0.0ms | Allocations: 18839)


